{"/Users/xy/Work/rsi/admin-portal/src/app/layout.tsx": {"path":"/Users/xy/Work/rsi/admin-portal/src/app/layout.tsx","statementMap":{"0":{"start":{"line":16,"column":24},"end":{"line":16,"column":35}},"1":{"start":{"line":8,"column":13},"end":{"line":8,"column":21}},"2":{"start":{"line":2,"column":22},"end":{"line":2,"column":null}},"3":{"start":{"line":3,"column":7},"end":{"line":3,"column":null}},"4":{"start":{"line":4,"column":27},"end":{"line":4,"column":null}},"5":{"start":{"line":6,"column":14},"end":{"line":6,"column":null}},"6":{"start":{"line":8,"column":34},"end":{"line":14,"column":null}}},"fnMap":{"0":{"name":"RootLayout","decl":{"start":{"line":16,"column":24},"end":{"line":16,"column":35}},"loc":{"start":{"line":20,"column":2},"end":{"line":42,"column":1}}}},"branchMap":{},"s":{"0":0,"1":0,"2":0,"3":0,"4":0,"5":0,"6":0},"f":{"0":0},"b":{}}
,"/Users/xy/Work/rsi/admin-portal/src/app/page.tsx": {"path":"/Users/xy/Work/rsi/admin-portal/src/app/page.tsx","statementMap":{"0":{"start":{"line":35,"column":30},"end":{"line":35,"column":null}},"1":{"start":{"line":1,"column":39},"end":{"line":1,"column":null}},"2":{"start":{"line":2,"column":29},"end":{"line":2,"column":null}},"3":{"start":{"line":3,"column":23},"end":{"line":3,"column":null}},"4":{"start":{"line":4,"column":40},"end":{"line":4,"column":null}},"5":{"start":{"line":5,"column":25},"end":{"line":5,"column":null}},"6":{"start":{"line":6,"column":17},"end":{"line":6,"column":null}},"7":{"start":{"line":7,"column":25},"end":{"line":7,"column":null}},"8":{"start":{"line":8,"column":30},"end":{"line":8,"column":null}},"9":{"start":{"line":20,"column":2},"end":{"line":31,"column":null}},"10":{"start":{"line":21,"column":4},"end":{"line":21,"column":null}},"11":{"start":{"line":22,"column":19},"end":{"line":26,"column":5}},"12":{"start":{"line":27,"column":4},"end":{"line":27,"column":null}},"13":{"start":{"line":29,"column":4},"end":{"line":29,"column":null}},"14":{"start":{"line":30,"column":4},"end":{"line":30,"column":null}},"15":{"start":{"line":36,"column":27},"end":{"line":36,"column":null}}},"fnMap":{"0":{"name":"getUsers","decl":{"start":{"line":19,"column":15},"end":{"line":19,"column":null}},"loc":{"start":{"line":19,"column":15},"end":{"line":32,"column":null}}},"1":{"name":"UsersPage","decl":{"start":{"line":35,"column":30},"end":{"line":35,"column":null}},"loc":{"start":{"line":35,"column":30},"end":{"line":70,"column":null}}}},"branchMap":{"0":{"loc":{"start":{"line":61,"column":9},"end":{"line":61,"column":null}},"type":"binary-expr","locations":[{"start":{"line":61,"column":9},"end":{"line":61,"column":null}}]}},"s":{"0":0,"1":0,"2":0,"3":0,"4":0,"5":0,"6":0,"7":0,"8":0,"9":0,"10":0,"11":0,"12":0,"13":0,"14":0,"15":0},"f":{"0":0,"1":0},"b":{"0":[0]}}
,"/Users/xy/Work/rsi/admin-portal/src/app/add-user/page.tsx": {"path":"/Users/xy/Work/rsi/admin-portal/src/app/add-user/page.tsx","statementMap":{"0":{"start":{"line":4,"column":24},"end":{"line":4,"column":null}},"1":{"start":{"line":1,"column":25},"end":{"line":1,"column":null}},"2":{"start":{"line":2,"column":25},"end":{"line":2,"column":null}}},"fnMap":{"0":{"name":"AddUserPage","decl":{"start":{"line":4,"column":24},"end":{"line":4,"column":null}},"loc":{"start":{"line":4,"column":24},"end":{"line":24,"column":null}}}},"branchMap":{},"s":{"0":0,"1":0,"2":0},"f":{"0":0},"b":{}}
,"/Users/xy/Work/rsi/admin-portal/src/app/api/environment/route.ts": {"path":"/Users/xy/Work/rsi/admin-portal/src/app/api/environment/route.ts","statementMap":{"0":{"start":{"line":4,"column":22},"end":{"line":4,"column":25}},"1":{"start":{"line":17,"column":22},"end":{"line":17,"column":26}},"2":{"start":{"line":1,"column":42},"end":{"line":1,"column":null}},"3":{"start":{"line":2,"column":57},"end":{"line":2,"column":null}},"4":{"start":{"line":5,"column":2},"end":{"line":14,"column":null}},"5":{"start":{"line":6,"column":20},"end":{"line":6,"column":null}},"6":{"start":{"line":7,"column":4},"end":{"line":7,"column":null}},"7":{"start":{"line":9,"column":4},"end":{"line":9,"column":null}},"8":{"start":{"line":10,"column":4},"end":{"line":12,"column":null}},"9":{"start":{"line":18,"column":2},"end":{"line":43,"column":null}},"10":{"start":{"line":19,"column":28},"end":{"line":19,"column":null}},"11":{"start":{"line":21,"column":4},"end":{"line":26,"column":null}},"12":{"start":{"line":22,"column":6},"end":{"line":24,"column":null}},"13":{"start":{"line":28,"column":25},"end":{"line":28,"column":null}},"14":{"start":{"line":30,"column":4},"end":{"line":35,"column":null}},"15":{"start":{"line":38,"column":4},"end":{"line":38,"column":null}},"16":{"start":{"line":39,"column":4},"end":{"line":41,"column":null}}},"fnMap":{"0":{"name":"GET","decl":{"start":{"line":4,"column":22},"end":{"line":4,"column":25}},"loc":{"start":{"line":4,"column":22},"end":{"line":15,"column":null}}},"1":{"name":"POST","decl":{"start":{"line":17,"column":22},"end":{"line":17,"column":26}},"loc":{"start":{"line":17,"column":47},"end":{"line":44,"column":null}}}},"branchMap":{"0":{"loc":{"start":{"line":21,"column":4},"end":{"line":26,"column":null}},"type":"if","locations":[{"start":{"line":21,"column":4},"end":{"line":26,"column":null}}]}},"s":{"0":0,"1":0,"2":0,"3":0,"4":0,"5":0,"6":0,"7":0,"8":0,"9":0,"10":0,"11":0,"12":0,"13":0,"14":0,"15":0,"16":0},"f":{"0":0,"1":0},"b":{"0":[0]}}
,"/Users/xy/Work/rsi/admin-portal/src/app/api/profiles/route.ts": {"path":"/Users/xy/Work/rsi/admin-portal/src/app/api/profiles/route.ts","statementMap":{"0":{"start":{"line":4,"column":22},"end":{"line":4,"column":null}},"1":{"start":{"line":1,"column":29},"end":{"line":1,"column":null}},"2":{"start":{"line":2,"column":39},"end":{"line":2,"column":null}},"3":{"start":{"line":5,"column":2},"end":{"line":26,"column":null}},"4":{"start":{"line":6,"column":4},"end":{"line":6,"column":null}},"5":{"start":{"line":8,"column":19},"end":{"line":13,"column":5}},"6":{"start":{"line":16,"column":4},"end":{"line":18,"column":null}},"7":{"start":{"line":17,"column":51},"end":{"line":17,"column":65}},"8":{"start":{"line":21,"column":4},"end":{"line":21,"column":null}},"9":{"start":{"line":22,"column":4},"end":{"line":24,"column":null}}},"fnMap":{"0":{"name":"GET","decl":{"start":{"line":4,"column":22},"end":{"line":4,"column":null}},"loc":{"start":{"line":4,"column":22},"end":{"line":27,"column":null}}},"1":{"name":"(anonymous_2)","decl":{"start":{"line":17,"column":37},"end":{"line":17,"column":38}},"loc":{"start":{"line":17,"column":51},"end":{"line":17,"column":65}}}},"branchMap":{},"s":{"0":0,"1":0,"2":0,"3":0,"4":0,"5":0,"6":0,"7":0,"8":0,"9":0},"f":{"0":0,"1":0},"b":{}}
,"/Users/xy/Work/rsi/admin-portal/src/app/api/users/route.ts": {"path":"/Users/xy/Work/rsi/admin-portal/src/app/api/users/route.ts","statementMap":{"0":{"start":{"line":5,"column":22},"end":{"line":5,"column":27}},"1":{"start":{"line":1,"column":42},"end":{"line":1,"column":null}},"2":{"start":{"line":2,"column":39},"end":{"line":2,"column":null}},"3":{"start":{"line":3,"column":28},"end":{"line":3,"column":null}},"4":{"start":{"line":6,"column":2},"end":{"line":69,"column":null}},"5":{"start":{"line":7,"column":17},"end":{"line":7,"column":null}},"6":{"start":{"line":9,"column":4},"end":{"line":9,"column":null}},"7":{"start":{"line":12,"column":4},"end":{"line":24,"column":null}},"8":{"start":{"line":13,"column":25},"end":{"line":13,"column":86}},"9":{"start":{"line":14,"column":27},"end":{"line":14,"column":null}},"10":{"start":{"line":15,"column":6},"end":{"line":15,"column":null}},"11":{"start":{"line":16,"column":26},"end":{"line":16,"column":null}},"12":{"start":{"line":18,"column":6},"end":{"line":23,"column":null}},"13":{"start":{"line":19,"column":8},"end":{"line":21,"column":null}},"14":{"start":{"line":26,"column":29},"end":{"line":26,"column":31}},"15":{"start":{"line":27,"column":29},"end":{"line":27,"column":31}},"16":{"start":{"line":28,"column":51},"end":{"line":28,"column":53}},"17":{"start":{"line":30,"column":4},"end":{"line":36,"column":null}},"18":{"start":{"line":31,"column":6},"end":{"line":35,"column":null}},"19":{"start":{"line":32,"column":8},"end":{"line":32,"column":null}},"20":{"start":{"line":33,"column":8},"end":{"line":33,"column":null}},"21":{"start":{"line":34,"column":8},"end":{"line":34,"column":null}},"22":{"start":{"line":39,"column":4},"end":{"line":39,"column":null}},"23":{"start":{"line":40,"column":4},"end":{"line":40,"column":null}},"24":{"start":{"line":43,"column":4},"end":{"line":43,"column":null}},"25":{"start":{"line":44,"column":4},"end":{"line":44,"column":null}},"26":{"start":{"line":46,"column":18},"end":{"line":50,"column":5}},"27":{"start":{"line":52,"column":23},"end":{"line":52,"column":null}},"28":{"start":{"line":53,"column":4},"end":{"line":55,"column":null}},"29":{"start":{"line":54,"column":6},"end":{"line":54,"column":null}},"30":{"start":{"line":57,"column":19},"end":{"line":57,"column":null}},"31":{"start":{"line":58,"column":20},"end":{"line":58,"column":null}},"32":{"start":{"line":61,"column":4},"end":{"line":61,"column":null}},"33":{"start":{"line":64,"column":4},"end":{"line":64,"column":null}},"34":{"start":{"line":65,"column":4},"end":{"line":67,"column":null}}},"fnMap":{"0":{"name":"POST","decl":{"start":{"line":5,"column":22},"end":{"line":5,"column":27}},"loc":{"start":{"line":5,"column":47},"end":{"line":70,"column":null}}},"1":{"name":"(anonymous_2)","decl":{"start":{"line":30,"column":64},"end":{"line":30,"column":65}},"loc":{"start":{"line":30,"column":72},"end":{"line":36,"column":null}}},"2":{"name":"(anonymous_3)","decl":{"start":{"line":53,"column":19},"end":{"line":53,"column":null}},"loc":{"start":{"line":53,"column":19},"end":{"line":55,"column":null}}}},"branchMap":{"0":{"loc":{"start":{"line":12,"column":4},"end":{"line":24,"column":null}},"type":"if","locations":[{"start":{"line":12,"column":4},"end":{"line":24,"column":null}}]},"1":{"loc":{"start":{"line":18,"column":6},"end":{"line":23,"column":null}},"type":"if","locations":[{"start":{"line":18,"column":6},"end":{"line":23,"column":null}}]},"2":{"loc":{"start":{"line":31,"column":6},"end":{"line":35,"column":null}},"type":"if","locations":[{"start":{"line":31,"column":6},"end":{"line":35,"column":null}}]},"3":{"loc":{"start":{"line":31,"column":10},"end":{"line":31,"column":73}},"type":"binary-expr","locations":[{"start":{"line":31,"column":10},"end":{"line":31,"column":26}},{"start":{"line":31,"column":30},"end":{"line":31,"column":73}}]}},"s":{"0":0,"1":0,"2":0,"3":0,"4":0,"5":0,"6":0,"7":0,"8":0,"9":0,"10":0,"11":0,"12":0,"13":0,"14":0,"15":0,"16":0,"17":0,"18":0,"19":0,"20":0,"21":0,"22":0,"23":0,"24":0,"25":0,"26":0,"27":0,"28":0,"29":0,"30":0,"31":0,"32":0,"33":0,"34":0},"f":{"0":0,"1":0,"2":0},"b":{"0":[0],"1":[0],"2":[0],"3":[0,0]}}
,"/Users/xy/Work/rsi/admin-portal/src/app/api/users/[id]/route.ts": {"path":"/Users/xy/Work/rsi/admin-portal/src/app/api/users/[id]/route.ts","statementMap":{"0":{"start":{"line":5,"column":22},"end":{"line":5,"column":null}},"1":{"start":{"line":1,"column":42},"end":{"line":1,"column":null}},"2":{"start":{"line":2,"column":39},"end":{"line":2,"column":null}},"3":{"start":{"line":3,"column":28},"end":{"line":3,"column":null}},"4":{"start":{"line":9,"column":2},"end":{"line":79,"column":null}},"5":{"start":{"line":10,"column":19},"end":{"line":10,"column":39}},"6":{"start":{"line":11,"column":17},"end":{"line":11,"column":null}},"7":{"start":{"line":13,"column":4},"end":{"line":13,"column":null}},"8":{"start":{"line":15,"column":30},"end":{"line":15,"column":32}},"9":{"start":{"line":16,"column":58},"end":{"line":16,"column":60}},"10":{"start":{"line":18,"column":4},"end":{"line":57,"column":null}},"11":{"start":{"line":19,"column":6},"end":{"line":56,"column":null}},"12":{"start":{"line":21,"column":20},"end":{"line":21,"column":36}},"13":{"start":{"line":22,"column":8},"end":{"line":49,"column":null}},"14":{"start":{"line":24,"column":10},"end":{"line":48,"column":null}},"15":{"start":{"line":26,"column":14},"end":{"line":26,"column":null}},"16":{"start":{"line":27,"column":14},"end":{"line":27,"column":null}},"17":{"start":{"line":29,"column":14},"end":{"line":29,"column":null}},"18":{"start":{"line":30,"column":14},"end":{"line":30,"column":null}},"19":{"start":{"line":32,"column":14},"end":{"line":32,"column":null}},"20":{"start":{"line":33,"column":14},"end":{"line":33,"column":null}},"21":{"start":{"line":35,"column":14},"end":{"line":35,"column":null}},"22":{"start":{"line":36,"column":14},"end":{"line":36,"column":null}},"23":{"start":{"line":41,"column":14},"end":{"line":41,"column":null}},"24":{"start":{"line":42,"column":14},"end":{"line":42,"column":null}},"25":{"start":{"line":44,"column":14},"end":{"line":44,"column":null}},"26":{"start":{"line":45,"column":14},"end":{"line":45,"column":null}},"27":{"start":{"line":47,"column":14},"end":{"line":47,"column":null}},"28":{"start":{"line":51,"column":8},"end":{"line":51,"column":null}},"29":{"start":{"line":52,"column":8},"end":{"line":55,"column":null}},"30":{"start":{"line":59,"column":4},"end":{"line":59,"column":null}},"31":{"start":{"line":61,"column":18},"end":{"line":61,"column":83}},"32":{"start":{"line":63,"column":23},"end":{"line":63,"column":null}},"33":{"start":{"line":64,"column":4},"end":{"line":66,"column":null}},"34":{"start":{"line":65,"column":6},"end":{"line":65,"column":null}},"35":{"start":{"line":67,"column":4},"end":{"line":67,"column":null}},"36":{"start":{"line":69,"column":4},"end":{"line":69,"column":null}},"37":{"start":{"line":71,"column":4},"end":{"line":71,"column":null}},"38":{"start":{"line":74,"column":4},"end":{"line":74,"column":null}},"39":{"start":{"line":75,"column":4},"end":{"line":77,"column":null}}},"fnMap":{"0":{"name":"PUT","decl":{"start":{"line":5,"column":22},"end":{"line":5,"column":null}},"loc":{"start":{"line":7,"column":46},"end":{"line":80,"column":null}}},"1":{"name":"(anonymous_2)","decl":{"start":{"line":18,"column":64},"end":{"line":18,"column":65}},"loc":{"start":{"line":18,"column":72},"end":{"line":57,"column":null}}},"2":{"name":"(anonymous_3)","decl":{"start":{"line":64,"column":26},"end":{"line":64,"column":null}},"loc":{"start":{"line":64,"column":26},"end":{"line":66,"column":null}}}},"branchMap":{"0":{"loc":{"start":{"line":19,"column":6},"end":{"line":56,"column":null}},"type":"if","locations":[{"start":{"line":19,"column":6},"end":{"line":56,"column":null}}]},"1":{"loc":{"start":{"line":22,"column":8},"end":{"line":49,"column":null}},"type":"if","locations":[{"start":{"line":22,"column":8},"end":{"line":49,"column":null}}]},"2":{"loc":{"start":{"line":22,"column":12},"end":{"line":22,"column":67}},"type":"binary-expr","locations":[{"start":{"line":22,"column":12},"end":{"line":22,"column":28}},{"start":{"line":22,"column":28},"end":{"line":22,"column":46}},{"start":{"line":22,"column":46},"end":{"line":22,"column":67}}]},"3":{"loc":{"start":{"line":24,"column":10},"end":{"line":48,"column":null}},"type":"switch","locations":[{"start":{"line":25,"column":12},"end":{"line":27,"column":null}},{"start":{"line":28,"column":12},"end":{"line":30,"column":null}},{"start":{"line":31,"column":12},"end":{"line":33,"column":null}},{"start":{"line":34,"column":12},"end":{"line":36,"column":null}},{"start":{"line":37,"column":12},"end":{"line":37,"column":null}},{"start":{"line":38,"column":12},"end":{"line":38,"column":null}},{"start":{"line":39,"column":12},"end":{"line":39,"column":null}},{"start":{"line":40,"column":12},"end":{"line":42,"column":null}},{"start":{"line":43,"column":12},"end":{"line":45,"column":null}},{"start":{"line":46,"column":12},"end":{"line":47,"column":null}}]}},"s":{"0":0,"1":0,"2":0,"3":0,"4":0,"5":0,"6":0,"7":0,"8":0,"9":0,"10":0,"11":0,"12":0,"13":0,"14":0,"15":0,"16":0,"17":0,"18":0,"19":0,"20":0,"21":0,"22":0,"23":0,"24":0,"25":0,"26":0,"27":0,"28":0,"29":0,"30":0,"31":0,"32":0,"33":0,"34":0,"35":0,"36":0,"37":0,"38":0,"39":0},"f":{"0":0,"1":0,"2":0},"b":{"0":[0],"1":[0],"2":[0,0,0],"3":[0,0,0,0,0,0,0,0,0,0]}}
,"/Users/xy/Work/rsi/admin-portal/src/app/api/users/[id]/profiles/route.ts": {"path":"/Users/xy/Work/rsi/admin-portal/src/app/api/users/[id]/profiles/route.ts","statementMap":{"0":{"start":{"line":4,"column":22},"end":{"line":4,"column":25}},"1":{"start":{"line":30,"column":22},"end":{"line":30,"column":25}},"2":{"start":{"line":1,"column":42},"end":{"line":1,"column":null}},"3":{"start":{"line":2,"column":39},"end":{"line":2,"column":null}},"4":{"start":{"line":8,"column":2},"end":{"line":27,"column":null}},"5":{"start":{"line":9,"column":19},"end":{"line":9,"column":39}},"6":{"start":{"line":10,"column":4},"end":{"line":10,"column":null}},"7":{"start":{"line":12,"column":19},"end":{"line":17,"column":5}},"8":{"start":{"line":19,"column":4},"end":{"line":19,"column":null}},"9":{"start":{"line":22,"column":4},"end":{"line":22,"column":null}},"10":{"start":{"line":23,"column":4},"end":{"line":25,"column":null}},"11":{"start":{"line":34,"column":2},"end":{"line":76,"column":null}},"12":{"start":{"line":35,"column":19},"end":{"line":35,"column":39}},"13":{"start":{"line":36,"column":17},"end":{"line":36,"column":null}},"14":{"start":{"line":37,"column":36},"end":{"line":37,"column":null}},"15":{"start":{"line":39,"column":4},"end":{"line":39,"column":null}},"16":{"start":{"line":42,"column":24},"end":{"line":42,"column":null}},"17":{"start":{"line":43,"column":4},"end":{"line":43,"column":null}},"18":{"start":{"line":45,"column":4},"end":{"line":68,"column":null}},"19":{"start":{"line":47,"column":28},"end":{"line":47,"column":null}},"20":{"start":{"line":48,"column":6},"end":{"line":50,"column":null}},"21":{"start":{"line":53,"column":6},"end":{"line":59,"column":null}},"22":{"start":{"line":54,"column":30},"end":{"line":54,"column":null}},"23":{"start":{"line":55,"column":8},"end":{"line":58,"column":null}},"24":{"start":{"line":61,"column":6},"end":{"line":61,"column":null}},"25":{"start":{"line":63,"column":6},"end":{"line":63,"column":null}},"26":{"start":{"line":66,"column":6},"end":{"line":66,"column":null}},"27":{"start":{"line":67,"column":6},"end":{"line":67,"column":null}},"28":{"start":{"line":71,"column":4},"end":{"line":71,"column":null}},"29":{"start":{"line":72,"column":4},"end":{"line":74,"column":null}}},"fnMap":{"0":{"name":"GET","decl":{"start":{"line":4,"column":22},"end":{"line":4,"column":25}},"loc":{"start":{"line":6,"column":46},"end":{"line":28,"column":null}}},"1":{"name":"PUT","decl":{"start":{"line":30,"column":22},"end":{"line":30,"column":25}},"loc":{"start":{"line":32,"column":46},"end":{"line":77,"column":null}}}},"branchMap":{},"s":{"0":0,"1":0,"2":0,"3":0,"4":0,"5":0,"6":0,"7":0,"8":0,"9":0,"10":0,"11":0,"12":0,"13":0,"14":0,"15":0,"16":0,"17":0,"18":0,"19":0,"20":0,"21":0,"22":0,"23":0,"24":0,"25":0,"26":0,"27":0,"28":0,"29":0},"f":{"0":0,"1":0},"b":{}}
,"/Users/xy/Work/rsi/admin-portal/src/app/api/users/[id]/status/route.ts": {"path":"/Users/xy/Work/rsi/admin-portal/src/app/api/users/[id]/status/route.ts","statementMap":{"0":{"start":{"line":4,"column":22},"end":{"line":4,"column":null}},"1":{"start":{"line":1,"column":42},"end":{"line":1,"column":null}},"2":{"start":{"line":2,"column":39},"end":{"line":2,"column":null}},"3":{"start":{"line":8,"column":2},"end":{"line":53,"column":null}},"4":{"start":{"line":9,"column":23},"end":{"line":9,"column":null}},"5":{"start":{"line":10,"column":27},"end":{"line":10,"column":null}},"6":{"start":{"line":11,"column":20},"end":{"line":11,"column":null}},"7":{"start":{"line":13,"column":4},"end":{"line":18,"column":null}},"8":{"start":{"line":14,"column":6},"end":{"line":16,"column":null}},"9":{"start":{"line":20,"column":4},"end":{"line":25,"column":null}},"10":{"start":{"line":21,"column":6},"end":{"line":23,"column":null}},"11":{"start":{"line":27,"column":4},"end":{"line":27,"column":null}},"12":{"start":{"line":29,"column":19},"end":{"line":33,"column":5}},"13":{"start":{"line":35,"column":4},"end":{"line":40,"column":null}},"14":{"start":{"line":36,"column":6},"end":{"line":38,"column":null}},"15":{"start":{"line":42,"column":4},"end":{"line":45,"column":null}},"16":{"start":{"line":48,"column":4},"end":{"line":48,"column":null}},"17":{"start":{"line":49,"column":4},"end":{"line":51,"column":null}}},"fnMap":{"0":{"name":"PATCH","decl":{"start":{"line":4,"column":22},"end":{"line":4,"column":null}},"loc":{"start":{"line":6,"column":49},"end":{"line":54,"column":null}}}},"branchMap":{"0":{"loc":{"start":{"line":13,"column":4},"end":{"line":18,"column":null}},"type":"if","locations":[{"start":{"line":13,"column":4},"end":{"line":18,"column":null}}]},"1":{"loc":{"start":{"line":13,"column":8},"end":{"line":13,"column":36}},"type":"binary-expr","locations":[{"start":{"line":13,"column":8},"end":{"line":13,"column":20}},{"start":{"line":13,"column":20},"end":{"line":13,"column":36}}]},"2":{"loc":{"start":{"line":20,"column":4},"end":{"line":25,"column":null}},"type":"if","locations":[{"start":{"line":20,"column":4},"end":{"line":25,"column":null}}]},"3":{"loc":{"start":{"line":20,"column":8},"end":{"line":20,"column":61}},"type":"binary-expr","locations":[{"start":{"line":20,"column":8},"end":{"line":20,"column":19}},{"start":{"line":20,"column":19},"end":{"line":20,"column":61}}]},"4":{"loc":{"start":{"line":35,"column":4},"end":{"line":40,"column":null}},"type":"if","locations":[{"start":{"line":35,"column":4},"end":{"line":40,"column":null}}]}},"s":{"0":0,"1":0,"2":0,"3":0,"4":0,"5":0,"6":0,"7":0,"8":0,"9":0,"10":0,"11":0,"12":0,"13":0,"14":0,"15":0,"16":0,"17":0},"f":{"0":0},"b":{"0":[0],"1":[0,0],"2":[0],"3":[0,0],"4":[0]}}
,"/Users/xy/Work/rsi/admin-portal/src/app/edit-user/[id]/page.tsx": {"path":"/Users/xy/Work/rsi/admin-portal/src/app/edit-user/[id]/page.tsx","statementMap":{"0":{"start":{"line":29,"column":30},"end":{"line":29,"column":43}},"1":{"start":{"line":1,"column":39},"end":{"line":1,"column":null}},"2":{"start":{"line":2,"column":25},"end":{"line":2,"column":null}},"3":{"start":{"line":3,"column":40},"end":{"line":3,"column":null}},"4":{"start":{"line":4,"column":34},"end":{"line":4,"column":null}},"5":{"start":{"line":5,"column":25},"end":{"line":5,"column":null}},"6":{"start":{"line":14,"column":2},"end":{"line":26,"column":null}},"7":{"start":{"line":15,"column":4},"end":{"line":15,"column":null}},"8":{"start":{"line":16,"column":19},"end":{"line":16,"column":78}},"9":{"start":{"line":18,"column":4},"end":{"line":20,"column":null}},"10":{"start":{"line":19,"column":6},"end":{"line":19,"column":null}},"11":{"start":{"line":22,"column":4},"end":{"line":22,"column":null}},"12":{"start":{"line":24,"column":4},"end":{"line":24,"column":null}},"13":{"start":{"line":25,"column":4},"end":{"line":25,"column":null}},"14":{"start":{"line":31,"column":14},"end":{"line":31,"column":null}},"15":{"start":{"line":33,"column":2},"end":{"line":41,"column":null}},"16":{"start":{"line":34,"column":27},"end":{"line":34,"column":null}},"17":{"start":{"line":35,"column":4},"end":{"line":35,"column":null}},"18":{"start":{"line":36,"column":4},"end":{"line":38,"column":null}},"19":{"start":{"line":37,"column":6},"end":{"line":37,"column":null}},"20":{"start":{"line":40,"column":4},"end":{"line":40,"column":null}},"21":{"start":{"line":43,"column":2},"end":{"line":52,"column":null}}},"fnMap":{"0":{"name":"getUser","decl":{"start":{"line":13,"column":15},"end":{"line":13,"column":23}},"loc":{"start":{"line":13,"column":33},"end":{"line":27,"column":null}}},"1":{"name":"EditUserPage","decl":{"start":{"line":29,"column":30},"end":{"line":29,"column":43}},"loc":{"start":{"line":29,"column":72},"end":{"line":75,"column":null}}}},"branchMap":{"0":{"loc":{"start":{"line":18,"column":4},"end":{"line":20,"column":null}},"type":"if","locations":[{"start":{"line":18,"column":4},"end":{"line":20,"column":null}}]},"1":{"loc":{"start":{"line":36,"column":4},"end":{"line":38,"column":null}},"type":"if","locations":[{"start":{"line":36,"column":4},"end":{"line":38,"column":null}}]},"2":{"loc":{"start":{"line":43,"column":2},"end":{"line":52,"column":null}},"type":"if","locations":[{"start":{"line":43,"column":2},"end":{"line":52,"column":null}}]}},"s":{"0":0,"1":0,"2":0,"3":0,"4":0,"5":0,"6":0,"7":0,"8":0,"9":0,"10":0,"11":0,"12":0,"13":0,"14":0,"15":0,"16":0,"17":0,"18":0,"19":0,"20":0,"21":0},"f":{"0":0,"1":0},"b":{"0":[0],"1":[0],"2":[0]}}
,"/Users/xy/Work/rsi/admin-portal/src/components/environment-selector.tsx": {"path":"/Users/xy/Work/rsi/admin-portal/src/components/environment-selector.tsx","statementMap":{"0":{"start":{"line":27,"column":16},"end":{"line":27,"column":null}},"1":{"start":{"line":3,"column":36},"end":{"line":3,"column":null}},"2":{"start":{"line":4,"column":23},"end":{"line":4,"column":null}},"3":{"start":{"line":5,"column":22},"end":{"line":5,"column":null}},"4":{"start":{"line":11,"column":7},"end":{"line":11,"column":null}},"5":{"start":{"line":12,"column":49},"end":{"line":12,"column":null}},"6":{"start":{"line":28,"column":40},"end":{"line":28,"column":null}},"7":{"start":{"line":29,"column":36},"end":{"line":29,"column":null}},"8":{"start":{"line":30,"column":38},"end":{"line":30,"column":null}},"9":{"start":{"line":32,"column":27},"end":{"line":45,"column":null}},"10":{"start":{"line":33,"column":4},"end":{"line":33,"column":null}},"11":{"start":{"line":34,"column":4},"end":{"line":44,"column":null}},"12":{"start":{"line":35,"column":23},"end":{"line":35,"column":null}},"13":{"start":{"line":36,"column":6},"end":{"line":39,"column":null}},"14":{"start":{"line":37,"column":24},"end":{"line":37,"column":null}},"15":{"start":{"line":38,"column":8},"end":{"line":38,"column":null}},"16":{"start":{"line":41,"column":6},"end":{"line":41,"column":null}},"17":{"start":{"line":43,"column":6},"end":{"line":43,"column":null}},"18":{"start":{"line":47,"column":28},"end":{"line":73,"column":null}},"19":{"start":{"line":48,"column":4},"end":{"line":48,"column":null}},"20":{"start":{"line":48,"column":41},"end":{"line":48,"column":null}},"21":{"start":{"line":50,"column":4},"end":{"line":50,"column":null}},"22":{"start":{"line":51,"column":4},"end":{"line":72,"column":null}},"23":{"start":{"line":52,"column":23},"end":{"line":58,"column":null}},"24":{"start":{"line":60,"column":6},"end":{"line":66,"column":null}},"25":{"start":{"line":61,"column":8},"end":{"line":61,"column":null}},"26":{"start":{"line":63,"column":8},"end":{"line":63,"column":null}},"27":{"start":{"line":65,"column":8},"end":{"line":65,"column":null}},"28":{"start":{"line":68,"column":6},"end":{"line":68,"column":null}},"29":{"start":{"line":69,"column":6},"end":{"line":69,"column":null}},"30":{"start":{"line":71,"column":6},"end":{"line":71,"column":null}},"31":{"start":{"line":75,"column":2},"end":{"line":77,"column":null}},"32":{"start":{"line":76,"column":4},"end":{"line":76,"column":null}},"33":{"start":{"line":79,"column":30},"end":{"line":91,"column":null}},"34":{"start":{"line":80,"column":4},"end":{"line":90,"column":null}},"35":{"start":{"line":82,"column":8},"end":{"line":82,"column":null}},"36":{"start":{"line":84,"column":8},"end":{"line":84,"column":null}},"37":{"start":{"line":86,"column":8},"end":{"line":86,"column":null}},"38":{"start":{"line":89,"column":8},"end":{"line":89,"column":null}},"39":{"start":{"line":93,"column":29},"end":{"line":101,"column":null}},"40":{"start":{"line":94,"column":42},"end":{"line":99,"column":null}},"41":{"start":{"line":100,"column":4},"end":{"line":100,"column":null}},"42":{"start":{"line":103,"column":2},"end":{"line":110,"column":null}},"43":{"start":{"line":134,"column":10},"end":{"line":135,"column":null}},"44":{"start":{"line":136,"column":27},"end":{"line":136,"column":null}}},"fnMap":{"0":{"name":"EnvironmentSelector","decl":{"start":{"line":27,"column":16},"end":{"line":27,"column":null}},"loc":{"start":{"line":27,"column":16},"end":{"line":152,"column":null}}},"1":{"name":"(anonymous_2)","decl":{"start":{"line":32,"column":27},"end":{"line":32,"column":null}},"loc":{"start":{"line":32,"column":27},"end":{"line":45,"column":null}}},"2":{"name":"(anonymous_3)","decl":{"start":{"line":47,"column":28},"end":{"line":47,"column":35}},"loc":{"start":{"line":47,"column":35},"end":{"line":73,"column":null}}},"3":{"name":"(anonymous_4)","decl":{"start":{"line":75,"column":12},"end":{"line":75,"column":null}},"loc":{"start":{"line":75,"column":12},"end":{"line":77,"column":5}}},"4":{"name":"(anonymous_5)","decl":{"start":{"line":79,"column":30},"end":{"line":79,"column":31}},"loc":{"start":{"line":79,"column":31},"end":{"line":91,"column":null}}},"5":{"name":"(anonymous_6)","decl":{"start":{"line":93,"column":29},"end":{"line":93,"column":30}},"loc":{"start":{"line":93,"column":30},"end":{"line":101,"column":null}}},"6":{"name":"(anonymous_7)","decl":{"start":{"line":133,"column":35},"end":{"line":133,"column":36}},"loc":{"start":{"line":134,"column":10},"end":{"line":135,"column":null}}},"7":{"name":"(anonymous_8)","decl":{"start":{"line":136,"column":21},"end":{"line":136,"column":27}},"loc":{"start":{"line":136,"column":27},"end":{"line":136,"column":null}}}},"branchMap":{"0":{"loc":{"start":{"line":36,"column":6},"end":{"line":39,"column":null}},"type":"if","locations":[{"start":{"line":36,"column":6},"end":{"line":39,"column":null}}]},"1":{"loc":{"start":{"line":48,"column":4},"end":{"line":48,"column":null}},"type":"if","locations":[{"start":{"line":48,"column":4},"end":{"line":48,"column":null}}]},"2":{"loc":{"start":{"line":60,"column":6},"end":{"line":66,"column":null}},"type":"if","locations":[{"start":{"line":60,"column":6},"end":{"line":66,"column":null}},{"start":{"line":64,"column":13},"end":{"line":66,"column":null}}]},"3":{"loc":{"start":{"line":80,"column":4},"end":{"line":90,"column":null}},"type":"switch","locations":[{"start":{"line":81,"column":6},"end":{"line":82,"column":null}},{"start":{"line":83,"column":6},"end":{"line":84,"column":null}},{"start":{"line":85,"column":6},"end":{"line":86,"column":null}},{"start":{"line":87,"column":6},"end":{"line":87,"column":null}},{"start":{"line":88,"column":6},"end":{"line":89,"column":null}}]},"4":{"loc":{"start":{"line":100,"column":11},"end":{"line":100,"column":null}},"type":"binary-expr","locations":[{"start":{"line":100,"column":11},"end":{"line":100,"column":21}},{"start":{"line":100,"column":25},"end":{"line":100,"column":null}}]},"5":{"loc":{"start":{"line":103,"column":2},"end":{"line":110,"column":null}},"type":"if","locations":[{"start":{"line":103,"column":2},"end":{"line":110,"column":null}}]},"6":{"loc":{"start":{"line":103,"column":6},"end":{"line":103,"column":33}},"type":"binary-expr","locations":[{"start":{"line":103,"column":6},"end":{"line":103,"column":19}},{"start":{"line":103,"column":19},"end":{"line":103,"column":33}}]},"7":{"loc":{"start":{"line":126,"column":12},"end":{"line":128,"column":13}},"type":"cond-expr","locations":[{"start":{"line":126,"column":12},"end":{"line":128,"column":13}}]}},"s":{"0":6,"1":1,"2":1,"3":1,"4":1,"5":1,"6":29,"7":28,"8":28,"9":28,"10":6,"11":6,"12":6,"13":6,"14":5,"15":5,"16":1,"17":6,"18":28,"19":0,"20":0,"21":0,"22":0,"23":0,"24":0,"25":0,"26":0,"27":0,"28":0,"29":0,"30":0,"31":28,"32":6,"33":28,"34":16,"35":0,"36":0,"37":0,"38":16,"39":28,"40":0,"41":0,"42":28,"43":0,"44":0},"f":{"0":29,"1":6,"2":0,"3":6,"4":16,"5":0,"6":0,"7":0},"b":{"0":[5],"1":[0],"2":[0,0],"3":[0,0,0,0,16],"4":[0,0],"5":[12],"6":[28,22],"7":[0]}}
,"/Users/xy/Work/rsi/admin-portal/src/components/navigation.tsx": {"path":"/Users/xy/Work/rsi/admin-portal/src/components/navigation.tsx","statementMap":{"0":{"start":{"line":17,"column":16},"end":{"line":17,"column":null}},"1":{"start":{"line":3,"column":17},"end":{"line":3,"column":null}},"2":{"start":{"line":4,"column":28},"end":{"line":4,"column":null}},"3":{"start":{"line":5,"column":61},"end":{"line":5,"column":null}},"4":{"start":{"line":6,"column":19},"end":{"line":6,"column":null}},"5":{"start":{"line":7,"column":52},"end":{"line":7,"column":null}},"6":{"start":{"line":8,"column":23},"end":{"line":8,"column":null}},"7":{"start":{"line":9,"column":89},"end":{"line":9,"column":null}},"8":{"start":{"line":10,"column":36},"end":{"line":10,"column":null}},"9":{"start":{"line":12,"column":19},"end":{"line":15,"column":null}},"10":{"start":{"line":18,"column":19},"end":{"line":18,"column":null}},"11":{"start":{"line":36,"column":29},"end":{"line":36,"column":38}},"12":{"start":{"line":37,"column":16},"end":{"line":39,"column":null}}},"fnMap":{"0":{"name":"Navigation","decl":{"start":{"line":17,"column":16},"end":{"line":17,"column":null}},"loc":{"start":{"line":17,"column":16},"end":{"line":90,"column":null}}},"1":{"name":"(anonymous_3)","decl":{"start":{"line":35,"column":30},"end":{"line":35,"column":31}},"loc":{"start":{"line":35,"column":31},"end":{"line":52,"column":null}}}},"branchMap":{"0":{"loc":{"start":{"line":43,"column":22},"end":{"line":45,"column":null}},"type":"cond-expr","locations":[{"start":{"line":44,"column":26},"end":{"line":44,"column":null}},{"start":{"line":45,"column":26},"end":{"line":45,"column":null}}]}},"s":{"0":7,"1":1,"2":1,"3":1,"4":1,"5":1,"6":1,"7":1,"8":1,"9":1,"10":7,"11":14,"12":14},"f":{"0":7,"1":14},"b":{"0":[7,7]}}
,"/Users/xy/Work/rsi/admin-portal/src/components/success-alert.tsx": {"path":"/Users/xy/Work/rsi/admin-portal/src/components/success-alert.tsx","statementMap":{"0":{"start":{"line":7,"column":16},"end":{"line":7,"column":null}},"1":{"start":{"line":3,"column":32},"end":{"line":3,"column":null}},"2":{"start":{"line":5,"column":41},"end":{"line":5,"column":null}},"3":{"start":{"line":8,"column":23},"end":{"line":8,"column":null}},"4":{"start":{"line":9,"column":18},"end":{"line":9,"column":null}},"5":{"start":{"line":10,"column":16},"end":{"line":10,"column":null}},"6":{"start":{"line":12,"column":2},"end":{"line":12,"column":null}},"7":{"start":{"line":12,"column":26},"end":{"line":12,"column":null}}},"fnMap":{"0":{"name":"SuccessAlert","decl":{"start":{"line":7,"column":16},"end":{"line":7,"column":null}},"loc":{"start":{"line":7,"column":16},"end":{"line":46,"column":null}}}},"branchMap":{"0":{"loc":{"start":{"line":12,"column":2},"end":{"line":12,"column":null}},"type":"if","locations":[{"start":{"line":12,"column":2},"end":{"line":12,"column":null}}]},"1":{"loc":{"start":{"line":12,"column":6},"end":{"line":12,"column":26}},"type":"binary-expr","locations":[{"start":{"line":12,"column":6},"end":{"line":12,"column":18}},{"start":{"line":12,"column":18},"end":{"line":12,"column":26}}]},"2":{"loc":{"start":{"line":16,"column":7},"end":{"line":16,"column":null}},"type":"binary-expr","locations":[{"start":{"line":16,"column":7},"end":{"line":16,"column":null}}]},"3":{"loc":{"start":{"line":30,"column":7},"end":{"line":30,"column":null}},"type":"binary-expr","locations":[{"start":{"line":30,"column":7},"end":{"line":30,"column":null}}]}},"s":{"0":0,"1":0,"2":0,"3":0,"4":0,"5":0,"6":0,"7":0},"f":{"0":0},"b":{"0":[0],"1":[0,0],"2":[0],"3":[0]}}
,"/Users/xy/Work/rsi/admin-portal/src/components/user-directory.tsx": {"path":"/Users/xy/Work/rsi/admin-portal/src/components/user-directory.tsx","statementMap":{"0":{"start":{"line":23,"column":16},"end":{"line":23,"column":30}},"1":{"start":{"line":3,"column":43},"end":{"line":3,"column":null}},"2":{"start":{"line":4,"column":23},"end":{"line":4,"column":null}},"3":{"start":{"line":5,"column":22},"end":{"line":5,"column":null}},"4":{"start":{"line":6,"column":40},"end":{"line":6,"column":null}},"5":{"start":{"line":7,"column":19},"end":{"line":7,"column":null}},"6":{"start":{"line":8,"column":26},"end":{"line":8,"column":null}},"7":{"start":{"line":24,"column":38},"end":{"line":24,"column":null}},"8":{"start":{"line":25,"column":42},"end":{"line":25,"column":null}},"9":{"start":{"line":26,"column":44},"end":{"line":26,"column":null}},"10":{"start":{"line":27,"column":38},"end":{"line":27,"column":null}},"11":{"start":{"line":29,"column":2},"end":{"line":31,"column":null}},"12":{"start":{"line":30,"column":4},"end":{"line":30,"column":null}},"13":{"start":{"line":33,"column":33},"end":{"line":41,"column":null}},"14":{"start":{"line":34,"column":4},"end":{"line":38,"column":null}},"15":{"start":{"line":35,"column":6},"end":{"line":38,"column":null}},"16":{"start":{"line":36,"column":8},"end":{"line":38,"column":null}},"17":{"start":{"line":43,"column":24},"end":{"line":56,"column":null}},"18":{"start":{"line":45,"column":6},"end":{"line":48,"column":null}},"19":{"start":{"line":51,"column":6},"end":{"line":53,"column":null}},"20":{"start":{"line":55,"column":4},"end":{"line":55,"column":null}},"21":{"start":{"line":58,"column":21},"end":{"line":66,"column":null}},"22":{"start":{"line":59,"column":24},"end":{"line":59,"column":null}},"23":{"start":{"line":60,"column":4},"end":{"line":64,"column":null}},"24":{"start":{"line":61,"column":6},"end":{"line":61,"column":null}},"25":{"start":{"line":63,"column":6},"end":{"line":63,"column":null}},"26":{"start":{"line":65,"column":4},"end":{"line":65,"column":null}},"27":{"start":{"line":68,"column":20},"end":{"line":74,"column":null}},"28":{"start":{"line":69,"column":4},"end":{"line":73,"column":null}},"29":{"start":{"line":70,"column":6},"end":{"line":70,"column":null}},"30":{"start":{"line":72,"column":6},"end":{"line":72,"column":null}},"31":{"start":{"line":72,"column":54},"end":{"line":72,"column":64}},"32":{"start":{"line":85,"column":29},"end":{"line":85,"column":null}},"33":{"start":{"line":90,"column":27},"end":{"line":90,"column":null}},"34":{"start":{"line":101,"column":27},"end":{"line":101,"column":null}},"35":{"start":{"line":112,"column":27},"end":{"line":112,"column":null}},"36":{"start":{"line":143,"column":31},"end":{"line":143,"column":null}}},"fnMap":{"0":{"name":"UserDirectory","decl":{"start":{"line":23,"column":16},"end":{"line":23,"column":30}},"loc":{"start":{"line":23,"column":59},"end":{"line":162,"column":null}}},"1":{"name":"(anonymous_5)","decl":{"start":{"line":29,"column":12},"end":{"line":29,"column":null}},"loc":{"start":{"line":29,"column":12},"end":{"line":31,"column":5}}},"2":{"name":"(anonymous_6)","decl":{"start":{"line":33,"column":33},"end":{"line":33,"column":34}},"loc":{"start":{"line":33,"column":51},"end":{"line":41,"column":null}}},"3":{"name":"(anonymous_7)","decl":{"start":{"line":34,"column":18},"end":{"line":34,"column":null}},"loc":{"start":{"line":35,"column":6},"end":{"line":38,"column":null}}},"4":{"name":"(anonymous_8)","decl":{"start":{"line":35,"column":15},"end":{"line":35,"column":null}},"loc":{"start":{"line":36,"column":8},"end":{"line":38,"column":null}}},"5":{"name":"(anonymous_9)","decl":{"start":{"line":43,"column":42},"end":{"line":43,"column":null}},"loc":{"start":{"line":43,"column":42},"end":{"line":56,"column":null}}},"6":{"name":"(anonymous_10)","decl":{"start":{"line":58,"column":21},"end":{"line":58,"column":22}},"loc":{"start":{"line":58,"column":22},"end":{"line":66,"column":null}}},"7":{"name":"(anonymous_11)","decl":{"start":{"line":68,"column":20},"end":{"line":68,"column":null}},"loc":{"start":{"line":68,"column":20},"end":{"line":74,"column":null}}},"8":{"name":"(anonymous_12)","decl":{"start":{"line":72,"column":49},"end":{"line":72,"column":54}},"loc":{"start":{"line":72,"column":54},"end":{"line":72,"column":64}}},"9":{"name":"(anonymous_13)","decl":{"start":{"line":85,"column":22},"end":{"line":85,"column":23}},"loc":{"start":{"line":85,"column":29},"end":{"line":85,"column":null}}},"10":{"name":"(anonymous_14)","decl":{"start":{"line":90,"column":21},"end":{"line":90,"column":27}},"loc":{"start":{"line":90,"column":27},"end":{"line":90,"column":null}}},"11":{"name":"(anonymous_15)","decl":{"start":{"line":101,"column":21},"end":{"line":101,"column":27}},"loc":{"start":{"line":101,"column":27},"end":{"line":101,"column":null}}},"12":{"name":"(anonymous_16)","decl":{"start":{"line":112,"column":21},"end":{"line":112,"column":27}},"loc":{"start":{"line":112,"column":27},"end":{"line":112,"column":null}}},"13":{"name":"(anonymous_17)","decl":{"start":{"line":143,"column":25},"end":{"line":143,"column":31}},"loc":{"start":{"line":143,"column":31},"end":{"line":143,"column":null}}}},"branchMap":{"0":{"loc":{"start":{"line":36,"column":8},"end":{"line":38,"column":null}},"type":"cond-expr","locations":[{"start":{"line":37,"column":12},"end":{"line":37,"column":null}},{"start":{"line":38,"column":12},"end":{"line":38,"column":null}}]},"1":{"loc":{"start":{"line":45,"column":6},"end":{"line":48,"column":null}},"type":"binary-expr","locations":[{"start":{"line":45,"column":6},"end":{"line":45,"column":null}},{"start":{"line":46,"column":6},"end":{"line":46,"column":null}},{"start":{"line":47,"column":6},"end":{"line":47,"column":null}},{"start":{"line":48,"column":6},"end":{"line":48,"column":null}}]},"2":{"loc":{"start":{"line":51,"column":6},"end":{"line":53,"column":null}},"type":"binary-expr","locations":[{"start":{"line":51,"column":6},"end":{"line":51,"column":null}},{"start":{"line":52,"column":7},"end":{"line":52,"column":36}},{"start":{"line":52,"column":36},"end":{"line":52,"column":null}},{"start":{"line":53,"column":7},"end":{"line":53,"column":38}},{"start":{"line":53,"column":38},"end":{"line":53,"column":null}}]},"3":{"loc":{"start":{"line":55,"column":11},"end":{"line":55,"column":null}},"type":"binary-expr","locations":[{"start":{"line":55,"column":11},"end":{"line":55,"column":28}},{"start":{"line":55,"column":28},"end":{"line":55,"column":null}}]},"4":{"loc":{"start":{"line":60,"column":4},"end":{"line":64,"column":null}},"type":"if","locations":[{"start":{"line":60,"column":4},"end":{"line":64,"column":null}},{"start":{"line":62,"column":11},"end":{"line":64,"column":null}}]},"5":{"loc":{"start":{"line":69,"column":4},"end":{"line":73,"column":null}},"type":"if","locations":[{"start":{"line":69,"column":4},"end":{"line":73,"column":null}},{"start":{"line":71,"column":11},"end":{"line":73,"column":null}}]},"6":{"loc":{"start":{"line":93,"column":14},"end":{"line":95,"column":null}},"type":"cond-expr","locations":[{"start":{"line":94,"column":18},"end":{"line":94,"column":null}},{"start":{"line":95,"column":18},"end":{"line":95,"column":null}}]},"7":{"loc":{"start":{"line":104,"column":14},"end":{"line":106,"column":null}},"type":"cond-expr","locations":[{"start":{"line":105,"column":18},"end":{"line":105,"column":null}},{"start":{"line":106,"column":18},"end":{"line":106,"column":null}}]},"8":{"loc":{"start":{"line":115,"column":14},"end":{"line":117,"column":null}},"type":"cond-expr","locations":[{"start":{"line":116,"column":18},"end":{"line":116,"column":null}},{"start":{"line":117,"column":18},"end":{"line":117,"column":null}}]},"9":{"loc":{"start":{"line":125,"column":7},"end":{"line":125,"column":null}},"type":"binary-expr","locations":[{"start":{"line":125,"column":7},"end":{"line":125,"column":null}}]},"10":{"loc":{"start":{"line":129,"column":40},"end":{"line":129,"column":76}},"type":"cond-expr","locations":[{"start":{"line":129,"column":67},"end":{"line":129,"column":73}},{"start":{"line":129,"column":73},"end":{"line":129,"column":76}}]},"11":{"loc":{"start":{"line":157,"column":21},"end":{"line":157,"column":null}},"type":"binary-expr","locations":[{"start":{"line":157,"column":21},"end":{"line":157,"column":64}},{"start":{"line":157,"column":68},"end":{"line":157,"column":null}}]}},"s":{"0":0,"1":0,"2":0,"3":0,"4":0,"5":0,"6":0,"7":0,"8":0,"9":0,"10":0,"11":0,"12":0,"13":0,"14":0,"15":0,"16":0,"17":0,"18":0,"19":0,"20":0,"21":0,"22":0,"23":0,"24":0,"25":0,"26":0,"27":0,"28":0,"29":0,"30":0,"31":0,"32":0,"33":0,"34":0,"35":0,"36":0},"f":{"0":0,"1":0,"2":0,"3":0,"4":0,"5":0,"6":0,"7":0,"8":0,"9":0,"10":0,"11":0,"12":0,"13":0},"b":{"0":[0,0],"1":[0,0,0,0],"2":[0,0,0,0,0],"3":[0,0],"4":[0,0],"5":[0,0],"6":[0,0],"7":[0,0],"8":[0,0],"9":[0],"10":[0,0],"11":[0,0]}}
,"/Users/xy/Work/rsi/admin-portal/src/components/user-form.tsx": {"path":"/Users/xy/Work/rsi/admin-portal/src/components/user-form.tsx","statementMap":{"0":{"start":{"line":19,"column":16},"end":{"line":19,"column":25}},"1":{"start":{"line":3,"column":25},"end":{"line":3,"column":null}},"2":{"start":{"line":4,"column":26},"end":{"line":4,"column":null}},"3":{"start":{"line":6,"column":23},"end":{"line":6,"column":null}},"4":{"start":{"line":7,"column":22},"end":{"line":7,"column":null}},"5":{"start":{"line":8,"column":22},"end":{"line":8,"column":null}},"6":{"start":{"line":9,"column":40},"end":{"line":9,"column":null}},"7":{"start":{"line":10,"column":54},"end":{"line":10,"column":null}},"8":{"start":{"line":11,"column":29},"end":{"line":11,"column":null}},"9":{"start":{"line":12,"column":43},"end":{"line":12,"column":null}},"10":{"start":{"line":20,"column":17},"end":{"line":20,"column":null}},"11":{"start":{"line":21,"column":34},"end":{"line":21,"column":null}},"12":{"start":{"line":22,"column":30},"end":{"line":22,"column":null}},"13":{"start":{"line":23,"column":42},"end":{"line":23,"column":null}},"14":{"start":{"line":24,"column":40},"end":{"line":24,"column":null}},"15":{"start":{"line":25,"column":42},"end":{"line":25,"column":null}},"16":{"start":{"line":26,"column":42},"end":{"line":26,"column":null}},"17":{"start":{"line":28,"column":28},"end":{"line":33,"column":null}},"18":{"start":{"line":29,"column":4},"end":{"line":29,"column":null}},"19":{"start":{"line":29,"column":25},"end":{"line":29,"column":null}},"20":{"start":{"line":30,"column":4},"end":{"line":32,"column":null}},"21":{"start":{"line":31,"column":6},"end":{"line":31,"column":null}},"22":{"start":{"line":31,"column":25},"end":{"line":31,"column":null}},"23":{"start":{"line":35,"column":23},"end":{"line":46,"column":null}},"24":{"start":{"line":36,"column":46},"end":{"line":36,"column":null}},"25":{"start":{"line":38,"column":4},"end":{"line":42,"column":null}},"26":{"start":{"line":39,"column":6},"end":{"line":41,"column":null}},"27":{"start":{"line":40,"column":8},"end":{"line":40,"column":null}},"28":{"start":{"line":44,"column":4},"end":{"line":44,"column":null}},"29":{"start":{"line":45,"column":4},"end":{"line":45,"column":null}},"30":{"start":{"line":48,"column":23},"end":{"line":116,"column":null}},"31":{"start":{"line":49,"column":4},"end":{"line":49,"column":null}},"32":{"start":{"line":51,"column":4},"end":{"line":53,"column":null}},"33":{"start":{"line":52,"column":6},"end":{"line":52,"column":null}},"34":{"start":{"line":55,"column":4},"end":{"line":55,"column":null}},"35":{"start":{"line":56,"column":4},"end":{"line":56,"column":null}},"36":{"start":{"line":58,"column":4},"end":{"line":115,"column":null}},"37":{"start":{"line":59,"column":18},"end":{"line":59,"column":null}},"38":{"start":{"line":60,"column":21},"end":{"line":60,"column":null}},"39":{"start":{"line":62,"column":23},"end":{"line":68,"column":null}},"40":{"start":{"line":70,"column":6},"end":{"line":73,"column":null}},"41":{"start":{"line":71,"column":22},"end":{"line":71,"column":null}},"42":{"start":{"line":72,"column":8},"end":{"line":72,"column":null}},"43":{"start":{"line":75,"column":21},"end":{"line":75,"column":null}},"44":{"start":{"line":78,"column":20},"end":{"line":78,"column":40}},"45":{"start":{"line":79,"column":6},"end":{"line":81,"column":null}},"46":{"start":{"line":80,"column":8},"end":{"line":80,"column":null}},"47":{"start":{"line":84,"column":6},"end":{"line":106,"column":null}},"48":{"start":{"line":85,"column":8},"end":{"line":105,"column":null}},"49":{"start":{"line":86,"column":34},"end":{"line":95,"column":null}},"50":{"start":{"line":97,"column":10},"end":{"line":101,"column":null}},"51":{"start":{"line":98,"column":33},"end":{"line":98,"column":null}},"52":{"start":{"line":99,"column":12},"end":{"line":99,"column":null}},"53":{"start":{"line":103,"column":10},"end":{"line":103,"column":null}},"54":{"start":{"line":108,"column":6},"end":{"line":109,"column":null}},"55":{"start":{"line":112,"column":6},"end":{"line":112,"column":null}},"56":{"start":{"line":114,"column":6},"end":{"line":114,"column":null}},"57":{"start":{"line":118,"column":22},"end":{"line":179,"column":null}},"58":{"start":{"line":119,"column":18},"end":{"line":119,"column":null}},"59":{"start":{"line":120,"column":21},"end":{"line":120,"column":39}},"60":{"start":{"line":122,"column":4},"end":{"line":154,"column":null}},"61":{"start":{"line":123,"column":6},"end":{"line":124,"column":30}},"62":{"start":{"line":132,"column":29},"end":{"line":132,"column":null}},"63":{"start":{"line":140,"column":34},"end":{"line":140,"column":101}},"64":{"start":{"line":141,"column":34},"end":{"line":141,"column":101}},"65":{"start":{"line":142,"column":14},"end":{"line":143,"column":36}},"66":{"start":{"line":156,"column":4},"end":{"line":157,"column":28}},"67":{"start":{"line":166,"column":27},"end":{"line":166,"column":null}},"68":{"start":{"line":203,"column":48},"end":{"line":203,"column":null}},"69":{"start":{"line":223,"column":29},"end":{"line":223,"column":null}},"70":{"start":{"line":232,"column":49},"end":{"line":232,"column":null}},"71":{"start":{"line":251,"column":27},"end":{"line":251,"column":null}}},"fnMap":{"0":{"name":"UserForm","decl":{"start":{"line":19,"column":16},"end":{"line":19,"column":25}},"loc":{"start":{"line":19,"column":76},"end":{"line":273,"column":null}}},"1":{"name":"(anonymous_2)","decl":{"start":{"line":28,"column":28},"end":{"line":28,"column":29}},"loc":{"start":{"line":28,"column":43},"end":{"line":33,"column":null}}},"2":{"name":"(anonymous_3)","decl":{"start":{"line":29,"column":16},"end":{"line":29,"column":25}},"loc":{"start":{"line":29,"column":25},"end":{"line":29,"column":null}}},"3":{"name":"(anonymous_4)","decl":{"start":{"line":31,"column":16},"end":{"line":31,"column":25}},"loc":{"start":{"line":31,"column":25},"end":{"line":31,"column":null}}},"4":{"name":"(anonymous_5)","decl":{"start":{"line":35,"column":23},"end":{"line":35,"column":null}},"loc":{"start":{"line":35,"column":23},"end":{"line":46,"column":null}}},"5":{"name":"(anonymous_6)","decl":{"start":{"line":38,"column":34},"end":{"line":38,"column":null}},"loc":{"start":{"line":38,"column":34},"end":{"line":42,"column":null}}},"6":{"name":"(anonymous_7)","decl":{"start":{"line":48,"column":23},"end":{"line":48,"column":30}},"loc":{"start":{"line":48,"column":30},"end":{"line":116,"column":null}}},"7":{"name":"(anonymous_8)","decl":{"start":{"line":118,"column":22},"end":{"line":118,"column":23}},"loc":{"start":{"line":118,"column":43},"end":{"line":179,"column":null}}},"8":{"name":"(anonymous_9)","decl":{"start":{"line":132,"column":22},"end":{"line":132,"column":23}},"loc":{"start":{"line":132,"column":29},"end":{"line":132,"column":null}}},"9":{"name":"(anonymous_10)","decl":{"start":{"line":139,"column":31},"end":{"line":139,"column":32}},"loc":{"start":{"line":139,"column":40},"end":{"line":147,"column":null}}},"10":{"name":"(anonymous_11)","decl":{"start":{"line":166,"column":20},"end":{"line":166,"column":21}},"loc":{"start":{"line":166,"column":27},"end":{"line":166,"column":null}}},"11":{"name":"(anonymous_12)","decl":{"start":{"line":203,"column":39},"end":{"line":203,"column":48}},"loc":{"start":{"line":203,"column":48},"end":{"line":203,"column":null}}},"12":{"name":"(anonymous_13)","decl":{"start":{"line":223,"column":23},"end":{"line":223,"column":29}},"loc":{"start":{"line":223,"column":29},"end":{"line":223,"column":null}}},"13":{"name":"(anonymous_14)","decl":{"start":{"line":232,"column":40},"end":{"line":232,"column":49}},"loc":{"start":{"line":232,"column":49},"end":{"line":232,"column":null}}},"14":{"name":"(anonymous_15)","decl":{"start":{"line":251,"column":21},"end":{"line":251,"column":27}},"loc":{"start":{"line":251,"column":27},"end":{"line":251,"column":null}}}},"branchMap":{"0":{"loc":{"start":{"line":19,"column":27},"end":{"line":19,"column":43}},"type":"default-arg","locations":[{"start":{"line":19,"column":41},"end":{"line":19,"column":43}}]},"1":{"loc":{"start":{"line":19,"column":45},"end":{"line":19,"column":59}},"type":"default-arg","locations":[{"start":{"line":19,"column":54},"end":{"line":19,"column":59}}]},"2":{"loc":{"start":{"line":30,"column":4},"end":{"line":32,"column":null}},"type":"if","locations":[{"start":{"line":30,"column":4},"end":{"line":32,"column":null}}]},"3":{"loc":{"start":{"line":39,"column":6},"end":{"line":41,"column":null}},"type":"if","locations":[{"start":{"line":39,"column":6},"end":{"line":41,"column":null}}]},"4":{"loc":{"start":{"line":39,"column":10},"end":{"line":39,"column":71}},"type":"binary-expr","locations":[{"start":{"line":39,"column":10},"end":{"line":39,"column":31}},{"start":{"line":39,"column":35},"end":{"line":39,"column":71}}]},"5":{"loc":{"start":{"line":51,"column":4},"end":{"line":53,"column":null}},"type":"if","locations":[{"start":{"line":51,"column":4},"end":{"line":53,"column":null}}]},"6":{"loc":{"start":{"line":59,"column":18},"end":{"line":59,"column":null}},"type":"cond-expr","locations":[{"start":{"line":59,"column":27},"end":{"line":59,"column":63}},{"start":{"line":59,"column":66},"end":{"line":59,"column":null}}]},"7":{"loc":{"start":{"line":60,"column":21},"end":{"line":60,"column":null}},"type":"cond-expr","locations":[{"start":{"line":60,"column":30},"end":{"line":60,"column":38}},{"start":{"line":60,"column":38},"end":{"line":60,"column":null}}]},"8":{"loc":{"start":{"line":70,"column":6},"end":{"line":73,"column":null}},"type":"if","locations":[{"start":{"line":70,"column":6},"end":{"line":73,"column":null}}]},"9":{"loc":{"start":{"line":72,"column":24},"end":{"line":72,"column":null}},"type":"binary-expr","locations":[{"start":{"line":72,"column":24},"end":{"line":72,"column":33}},{"start":{"line":72,"column":33},"end":{"line":72,"column":null}}]},"10":{"loc":{"start":{"line":79,"column":6},"end":{"line":81,"column":null}},"type":"if","locations":[{"start":{"line":79,"column":6},"end":{"line":81,"column":null}}]},"11":{"loc":{"start":{"line":79,"column":10},"end":{"line":79,"column":35}},"type":"binary-expr","locations":[{"start":{"line":79,"column":10},"end":{"line":79,"column":21}},{"start":{"line":79,"column":21},"end":{"line":79,"column":35}}]},"12":{"loc":{"start":{"line":84,"column":6},"end":{"line":106,"column":null}},"type":"if","locations":[{"start":{"line":84,"column":6},"end":{"line":106,"column":null}}]},"13":{"loc":{"start":{"line":92,"column":24},"end":{"line":92,"column":42}},"type":"binary-expr","locations":[{"start":{"line":92,"column":24},"end":{"line":92,"column":40}},{"start":{"line":92,"column":40},"end":{"line":92,"column":42}}]},"14":{"loc":{"start":{"line":93,"column":25},"end":{"line":93,"column":null}},"type":"binary-expr","locations":[{"start":{"line":93,"column":25},"end":{"line":93,"column":44}},{"start":{"line":93,"column":48},"end":{"line":93,"column":64}},{"start":{"line":93,"column":68},"end":{"line":93,"column":null}}]},"15":{"loc":{"start":{"line":97,"column":10},"end":{"line":101,"column":null}},"type":"if","locations":[{"start":{"line":97,"column":10},"end":{"line":101,"column":null}}]},"16":{"loc":{"start":{"line":109,"column":8},"end":{"line":109,"column":null}},"type":"cond-expr","locations":[{"start":{"line":109,"column":17},"end":{"line":109,"column":47}},{"start":{"line":109,"column":47},"end":{"line":109,"column":null}}]},"17":{"loc":{"start":{"line":112,"column":21},"end":{"line":112,"column":null}},"type":"cond-expr","locations":[{"start":{"line":112,"column":46},"end":{"line":112,"column":59}},{"start":{"line":112,"column":62},"end":{"line":112,"column":null}}]},"18":{"loc":{"start":{"line":119,"column":18},"end":{"line":119,"column":null}},"type":"binary-expr","locations":[{"start":{"line":119,"column":18},"end":{"line":119,"column":38}},{"start":{"line":119,"column":42},"end":{"line":119,"column":null}}]},"19":{"loc":{"start":{"line":122,"column":4},"end":{"line":154,"column":null}},"type":"if","locations":[{"start":{"line":122,"column":4},"end":{"line":154,"column":null}}]},"20":{"loc":{"start":{"line":122,"column":8},"end":{"line":122,"column":48}},"type":"binary-expr","locations":[{"start":{"line":122,"column":8},"end":{"line":122,"column":35}},{"start":{"line":122,"column":35},"end":{"line":122,"column":48}}]},"21":{"loc":{"start":{"line":127,"column":13},"end":{"line":127,"column":27}},"type":"binary-expr","locations":[{"start":{"line":127,"column":13},"end":{"line":127,"column":27}}]},"22":{"loc":{"start":{"line":133,"column":23},"end":{"line":135,"column":null}},"type":"cond-expr","locations":[{"start":{"line":134,"column":14},"end":{"line":134,"column":null}},{"start":{"line":135,"column":14},"end":{"line":135,"column":null}}]},"23":{"loc":{"start":{"line":140,"column":34},"end":{"line":140,"column":101}},"type":"cond-expr","locations":[{"start":{"line":140,"column":63},"end":{"line":140,"column":72}},{"start":{"line":140,"column":72},"end":{"line":140,"column":101}}]},"24":{"loc":{"start":{"line":141,"column":34},"end":{"line":141,"column":101}},"type":"cond-expr","locations":[{"start":{"line":141,"column":63},"end":{"line":141,"column":72}},{"start":{"line":141,"column":72},"end":{"line":141,"column":101}}]},"25":{"loc":{"start":{"line":149,"column":11},"end":{"line":149,"column":null}},"type":"binary-expr","locations":[{"start":{"line":149,"column":11},"end":{"line":149,"column":null}}]},"26":{"loc":{"start":{"line":160,"column":11},"end":{"line":160,"column":25}},"type":"binary-expr","locations":[{"start":{"line":160,"column":11},"end":{"line":160,"column":25}}]},"27":{"loc":{"start":{"line":168,"column":21},"end":{"line":170,"column":null}},"type":"cond-expr","locations":[{"start":{"line":169,"column":12},"end":{"line":169,"column":null}},{"start":{"line":170,"column":12},"end":{"line":170,"column":null}}]},"28":{"loc":{"start":{"line":174,"column":9},"end":{"line":174,"column":null}},"type":"binary-expr","locations":[{"start":{"line":174,"column":9},"end":{"line":174,"column":null}}]},"29":{"loc":{"start":{"line":184,"column":9},"end":{"line":184,"column":null}},"type":"binary-expr","locations":[{"start":{"line":184,"column":9},"end":{"line":184,"column":null}}]},"30":{"loc":{"start":{"line":226,"column":15},"end":{"line":226,"column":46}},"type":"cond-expr","locations":[{"start":{"line":226,"column":30},"end":{"line":226,"column":39}},{"start":{"line":226,"column":39},"end":{"line":226,"column":46}}]},"31":{"loc":{"start":{"line":230,"column":11},"end":{"line":230,"column":null}},"type":"binary-expr","locations":[{"start":{"line":230,"column":11},"end":{"line":230,"column":null}}]},"32":{"loc":{"start":{"line":240,"column":21},"end":{"line":240,"column":null}},"type":"cond-expr","locations":[{"start":{"line":240,"column":30},"end":{"line":240,"column":50}},{"start":{"line":240,"column":53},"end":{"line":240,"column":null}}]},"33":{"loc":{"start":{"line":242,"column":23},"end":{"line":242,"column":null}},"type":"binary-expr","locations":[{"start":{"line":242,"column":23},"end":{"line":242,"column":42}},{"start":{"line":242,"column":46},"end":{"line":242,"column":62}},{"start":{"line":242,"column":66},"end":{"line":242,"column":null}}]},"34":{"loc":{"start":{"line":264,"column":13},"end":{"line":266,"column":null}},"type":"cond-expr","locations":[{"start":{"line":265,"column":17},"end":{"line":265,"column":null}},{"start":{"line":266,"column":17},"end":{"line":266,"column":null}}]},"35":{"loc":{"start":{"line":265,"column":17},"end":{"line":265,"column":null}},"type":"cond-expr","locations":[{"start":{"line":265,"column":26},"end":{"line":265,"column":42}},{"start":{"line":265,"column":42},"end":{"line":265,"column":null}}]},"36":{"loc":{"start":{"line":266,"column":17},"end":{"line":266,"column":null}},"type":"cond-expr","locations":[{"start":{"line":266,"column":26},"end":{"line":266,"column":42}},{"start":{"line":266,"column":42},"end":{"line":266,"column":null}}]}},"s":{"0":12,"1":1,"2":1,"3":1,"4":1,"5":1,"6":1,"7":1,"8":1,"9":1,"10":37,"11":37,"12":37,"13":37,"14":37,"15":37,"16":37,"17":37,"18":17,"19":17,"20":17,"21":1,"22":1,"23":37,"24":6,"25":6,"26":30,"27":15,"28":6,"29":6,"30":37,"31":6,"32":6,"33":3,"34":3,"35":3,"36":3,"37":3,"38":3,"39":3,"40":2,"41":1,"42":1,"43":1,"44":1,"45":1,"46":1,"47":1,"48":1,"49":1,"50":1,"51":0,"52":0,"53":1,"54":1,"55":1,"56":2,"57":37,"58":209,"59":209,"60":209,"61":41,"62":3,"63":161,"64":161,"65":161,"66":168,"67":14,"68":185,"69":1,"70":24,"71":1},"f":{"0":37,"1":17,"2":17,"3":1,"4":6,"5":30,"6":6,"7":209,"8":3,"9":161,"10":14,"11":185,"12":1,"13":24,"14":1},"b":{"0":[36],"1":[36],"2":[1],"3":[15],"4":[30,15],"5":[3],"6":[0,3],"7":[0,3],"8":[1],"9":[1,0],"10":[1],"11":[1,1],"12":[1],"13":[1,0],"14":[1,0,0],"15":[0],"16":[0,1],"17":[1,0],"18":[209,139],"19":[41],"20":[209,41],"21":[41],"22":[4,37],"23":[157,4],"24":[157,4],"25":[41],"26":[168],"27":[15,153],"28":[168],"29":[37],"30":[1,36],"31":[37],"32":[1,36],"33":[37,27,15],"34":[3,34],"35":[0,3],"36":[1,33]}}
,"/Users/xy/Work/rsi/admin-portal/src/components/user-profiles.tsx": {"path":"/Users/xy/Work/rsi/admin-portal/src/components/user-profiles.tsx","statementMap":{"0":{"start":{"line":20,"column":16},"end":{"line":20,"column":29}},"1":{"start":{"line":3,"column":36},"end":{"line":3,"column":null}},"2":{"start":{"line":6,"column":50},"end":{"line":6,"column":null}},"3":{"start":{"line":21,"column":48},"end":{"line":21,"column":null}},"4":{"start":{"line":22,"column":52},"end":{"line":22,"column":null}},"5":{"start":{"line":23,"column":54},"end":{"line":23,"column":null}},"6":{"start":{"line":24,"column":32},"end":{"line":24,"column":null}},"7":{"start":{"line":27,"column":2},"end":{"line":32,"column":null}},"8":{"start":{"line":28,"column":4},"end":{"line":28,"column":null}},"9":{"start":{"line":29,"column":4},"end":{"line":31,"column":null}},"10":{"start":{"line":30,"column":6},"end":{"line":30,"column":null}},"11":{"start":{"line":35,"column":2},"end":{"line":37,"column":null}},"12":{"start":{"line":36,"column":4},"end":{"line":36,"column":null}},"13":{"start":{"line":36,"column":46},"end":{"line":36,"column":58}},"14":{"start":{"line":39,"column":33},"end":{"line":49,"column":null}},"15":{"start":{"line":40,"column":4},"end":{"line":48,"column":null}},"16":{"start":{"line":41,"column":23},"end":{"line":41,"column":null}},"17":{"start":{"line":42,"column":6},"end":{"line":45,"column":null}},"18":{"start":{"line":43,"column":21},"end":{"line":43,"column":null}},"19":{"start":{"line":44,"column":8},"end":{"line":44,"column":null}},"20":{"start":{"line":47,"column":6},"end":{"line":47,"column":null}},"21":{"start":{"line":51,"column":28},"end":{"line":63,"column":null}},"22":{"start":{"line":52,"column":4},"end":{"line":52,"column":null}},"23":{"start":{"line":52,"column":18},"end":{"line":52,"column":null}},"24":{"start":{"line":54,"column":4},"end":{"line":62,"column":null}},"25":{"start":{"line":55,"column":23},"end":{"line":55,"column":null}},"26":{"start":{"line":56,"column":6},"end":{"line":59,"column":null}},"27":{"start":{"line":57,"column":21},"end":{"line":57,"column":null}},"28":{"start":{"line":58,"column":8},"end":{"line":58,"column":null}},"29":{"start":{"line":61,"column":6},"end":{"line":61,"column":null}},"30":{"start":{"line":65,"column":21},"end":{"line":80,"column":null}},"31":{"start":{"line":66,"column":4},"end":{"line":66,"column":null}},"32":{"start":{"line":66,"column":29},"end":{"line":66,"column":null}},"33":{"start":{"line":68,"column":36},"end":{"line":72,"column":null}},"34":{"start":{"line":74,"column":28},"end":{"line":74,"column":null}},"35":{"start":{"line":75,"column":4},"end":{"line":75,"column":null}},"36":{"start":{"line":76,"column":4},"end":{"line":76,"column":null}},"37":{"start":{"line":79,"column":4},"end":{"line":79,"column":null}},"38":{"start":{"line":79,"column":46},"end":{"line":79,"column":58}},"39":{"start":{"line":82,"column":24},"end":{"line":88,"column":null}},"40":{"start":{"line":83,"column":28},"end":{"line":83,"column":null}},"41":{"start":{"line":83,"column":56},"end":{"line":83,"column":null}},"42":{"start":{"line":84,"column":4},"end":{"line":84,"column":null}},"43":{"start":{"line":87,"column":4},"end":{"line":87,"column":null}},"44":{"start":{"line":87,"column":46},"end":{"line":87,"column":58}},"45":{"start":{"line":90,"column":43},"end":{"line":93,"column":null}},"46":{"start":{"line":91,"column":30},"end":{"line":91,"column":null}},"47":{"start":{"line":91,"column":55},"end":{"line":91,"column":67}},"48":{"start":{"line":92,"column":4},"end":{"line":92,"column":null}},"49":{"start":{"line":92,"column":47},"end":{"line":92,"column":null}},"50":{"start":{"line":127,"column":14},"end":{"line":128,"column":null}},"51":{"start":{"line":147,"column":35},"end":{"line":147,"column":null}},"52":{"start":{"line":179,"column":33},"end":{"line":179,"column":null}},"53":{"start":{"line":184,"column":18},"end":{"line":184,"column":40}}},"fnMap":{"0":{"name":"UserProfiles","decl":{"start":{"line":20,"column":16},"end":{"line":20,"column":29}},"loc":{"start":{"line":20,"column":88},"end":{"line":213,"column":null}}},"1":{"name":"(anonymous_2)","decl":{"start":{"line":27,"column":12},"end":{"line":27,"column":null}},"loc":{"start":{"line":27,"column":12},"end":{"line":32,"column":5}}},"2":{"name":"(anonymous_3)","decl":{"start":{"line":35,"column":12},"end":{"line":35,"column":null}},"loc":{"start":{"line":35,"column":12},"end":{"line":37,"column":5}}},"3":{"name":"(anonymous_4)","decl":{"start":{"line":36,"column":41},"end":{"line":36,"column":46}},"loc":{"start":{"line":36,"column":46},"end":{"line":36,"column":58}}},"4":{"name":"(anonymous_5)","decl":{"start":{"line":39,"column":33},"end":{"line":39,"column":null}},"loc":{"start":{"line":39,"column":33},"end":{"line":49,"column":null}}},"5":{"name":"(anonymous_6)","decl":{"start":{"line":51,"column":28},"end":{"line":51,"column":null}},"loc":{"start":{"line":51,"column":28},"end":{"line":63,"column":null}}},"6":{"name":"(anonymous_7)","decl":{"start":{"line":65,"column":21},"end":{"line":65,"column":null}},"loc":{"start":{"line":65,"column":21},"end":{"line":80,"column":null}}},"7":{"name":"(anonymous_8)","decl":{"start":{"line":79,"column":41},"end":{"line":79,"column":46}},"loc":{"start":{"line":79,"column":46},"end":{"line":79,"column":58}}},"8":{"name":"(anonymous_9)","decl":{"start":{"line":82,"column":24},"end":{"line":82,"column":25}},"loc":{"start":{"line":82,"column":25},"end":{"line":88,"column":null}}},"9":{"name":"(anonymous_10)","decl":{"start":{"line":83,"column":51},"end":{"line":83,"column":56}},"loc":{"start":{"line":83,"column":56},"end":{"line":83,"column":null}}},"10":{"name":"(anonymous_11)","decl":{"start":{"line":87,"column":41},"end":{"line":87,"column":46}},"loc":{"start":{"line":87,"column":46},"end":{"line":87,"column":58}}},"11":{"name":"(anonymous_12)","decl":{"start":{"line":90,"column":43},"end":{"line":90,"column":null}},"loc":{"start":{"line":90,"column":43},"end":{"line":93,"column":null}}},"12":{"name":"(anonymous_13)","decl":{"start":{"line":91,"column":50},"end":{"line":91,"column":55}},"loc":{"start":{"line":91,"column":55},"end":{"line":91,"column":67}}},"13":{"name":"(anonymous_14)","decl":{"start":{"line":92,"column":36},"end":{"line":92,"column":47}},"loc":{"start":{"line":92,"column":47},"end":{"line":92,"column":null}}},"14":{"name":"(anonymous_15)","decl":{"start":{"line":126,"column":33},"end":{"line":126,"column":34}},"loc":{"start":{"line":127,"column":14},"end":{"line":128,"column":null}}},"15":{"name":"(anonymous_16)","decl":{"start":{"line":147,"column":29},"end":{"line":147,"column":35}},"loc":{"start":{"line":147,"column":35},"end":{"line":147,"column":null}}},"16":{"name":"(anonymous_17)","decl":{"start":{"line":179,"column":26},"end":{"line":179,"column":27}},"loc":{"start":{"line":179,"column":33},"end":{"line":179,"column":null}}},"17":{"name":"(anonymous_18)","decl":{"start":{"line":183,"column":56},"end":{"line":183,"column":57}},"loc":{"start":{"line":184,"column":18},"end":{"line":184,"column":40}}}},"branchMap":{"0":{"loc":{"start":{"line":29,"column":4},"end":{"line":31,"column":null}},"type":"if","locations":[{"start":{"line":29,"column":4},"end":{"line":31,"column":null}}]},"1":{"loc":{"start":{"line":42,"column":6},"end":{"line":45,"column":null}},"type":"if","locations":[{"start":{"line":42,"column":6},"end":{"line":45,"column":null}}]},"2":{"loc":{"start":{"line":52,"column":4},"end":{"line":52,"column":null}},"type":"if","locations":[{"start":{"line":52,"column":4},"end":{"line":52,"column":null}}]},"3":{"loc":{"start":{"line":56,"column":6},"end":{"line":59,"column":null}},"type":"if","locations":[{"start":{"line":56,"column":6},"end":{"line":59,"column":null}}]},"4":{"loc":{"start":{"line":66,"column":4},"end":{"line":66,"column":null}},"type":"if","locations":[{"start":{"line":66,"column":4},"end":{"line":66,"column":null}}]},"5":{"loc":{"start":{"line":119,"column":11},"end":{"line":119,"column":null}},"type":"binary-expr","locations":[{"start":{"line":119,"column":11},"end":{"line":119,"column":null}}]},"6":{"loc":{"start":{"line":125,"column":10},"end":{"line":158,"column":11}},"type":"cond-expr","locations":[{"start":{"line":125,"column":10},"end":{"line":158,"column":11}}]},"7":{"loc":{"start":{"line":169,"column":7},"end":{"line":169,"column":null}},"type":"binary-expr","locations":[{"start":{"line":169,"column":7},"end":{"line":169,"column":null}}]},"8":{"loc":{"start":{"line":203,"column":7},"end":{"line":203,"column":58}},"type":"binary-expr","locations":[{"start":{"line":203,"column":7},"end":{"line":203,"column":58}},{"start":{"line":203,"column":58},"end":{"line":203,"column":null}}]}},"s":{"0":0,"1":0,"2":0,"3":0,"4":0,"5":0,"6":0,"7":0,"8":0,"9":0,"10":0,"11":0,"12":0,"13":0,"14":0,"15":0,"16":0,"17":0,"18":0,"19":0,"20":0,"21":0,"22":0,"23":0,"24":0,"25":0,"26":0,"27":0,"28":0,"29":0,"30":0,"31":0,"32":0,"33":0,"34":0,"35":0,"36":0,"37":0,"38":0,"39":0,"40":0,"41":0,"42":0,"43":0,"44":0,"45":0,"46":0,"47":0,"48":0,"49":0,"50":0,"51":0,"52":0,"53":0},"f":{"0":0,"1":0,"2":0,"3":0,"4":0,"5":0,"6":0,"7":0,"8":0,"9":0,"10":0,"11":0,"12":0,"13":0,"14":0,"15":0,"16":0,"17":0},"b":{"0":[0],"1":[0],"2":[0],"3":[0],"4":[0],"5":[0],"6":[0],"7":[0],"8":[0,0]}}
,"/Users/xy/Work/rsi/admin-portal/src/components/user-table.tsx": {"path":"/Users/xy/Work/rsi/admin-portal/src/components/user-table.tsx","statementMap":{"0":{"start":{"line":94,"column":16},"end":{"line":94,"column":26}},"1":{"start":{"line":1,"column":40},"end":{"line":1,"column":null}},"2":{"start":{"line":2,"column":17},"end":{"line":2,"column":null}},"3":{"start":{"line":3,"column":36},"end":{"line":3,"column":null}},"4":{"start":{"line":4,"column":23},"end":{"line":4,"column":null}},"5":{"start":{"line":5,"column":22},"end":{"line":5,"column":null}},"6":{"start":{"line":11,"column":7},"end":{"line":11,"column":null}},"7":{"start":{"line":19,"column":7},"end":{"line":19,"column":null}},"8":{"start":{"line":20,"column":19},"end":{"line":20,"column":null}},"9":{"start":{"line":41,"column":38},"end":{"line":41,"column":null}},"10":{"start":{"line":42,"column":19},"end":{"line":42,"column":null}},"11":{"start":{"line":44,"column":23},"end":{"line":52,"column":null}},"12":{"start":{"line":45,"column":4},"end":{"line":45,"column":null}},"13":{"start":{"line":46,"column":4},"end":{"line":51,"column":null}},"14":{"start":{"line":47,"column":24},"end":{"line":47,"column":null}},"15":{"start":{"line":48,"column":6},"end":{"line":48,"column":null}},"16":{"start":{"line":50,"column":6},"end":{"line":50,"column":null}},"17":{"start":{"line":80,"column":2},"end":{"line":91,"column":null}},"18":{"start":{"line":95,"column":42},"end":{"line":95,"column":null}},"19":{"start":{"line":96,"column":40},"end":{"line":96,"column":null}},"20":{"start":{"line":97,"column":38},"end":{"line":97,"column":null}},"21":{"start":{"line":99,"column":2},"end":{"line":101,"column":null}},"22":{"start":{"line":100,"column":4},"end":{"line":100,"column":null}},"23":{"start":{"line":103,"column":29},"end":{"line":135,"column":null}},"24":{"start":{"line":104,"column":4},"end":{"line":134,"column":null}},"25":{"start":{"line":105,"column":23},"end":{"line":111,"column":null}},"26":{"start":{"line":113,"column":6},"end":{"line":115,"column":null}},"27":{"start":{"line":114,"column":8},"end":{"line":114,"column":null}},"28":{"start":{"line":118,"column":6},"end":{"line":122,"column":null}},"29":{"start":{"line":119,"column":8},"end":{"line":122,"column":null}},"30":{"start":{"line":120,"column":10},"end":{"line":122,"column":null}},"31":{"start":{"line":127,"column":6},"end":{"line":129,"column":null}},"32":{"start":{"line":128,"column":8},"end":{"line":128,"column":null}},"33":{"start":{"line":132,"column":6},"end":{"line":132,"column":null}},"34":{"start":{"line":133,"column":6},"end":{"line":133,"column":null}},"35":{"start":{"line":137,"column":25},"end":{"line":143,"column":null}},"36":{"start":{"line":138,"column":4},"end":{"line":140,"column":null}},"37":{"start":{"line":139,"column":6},"end":{"line":139,"column":null}},"38":{"start":{"line":141,"column":4},"end":{"line":141,"column":null}},"39":{"start":{"line":142,"column":4},"end":{"line":142,"column":null}},"40":{"start":{"line":145,"column":2},"end":{"line":168,"column":null}},"41":{"start":{"line":208,"column":12},"end":{"line":209,"column":null}},"42":{"start":{"line":214,"column":30},"end":{"line":214,"column":null}},"43":{"start":{"line":222,"column":36},"end":{"line":222,"column":null}},"44":{"start":{"line":326,"column":55},"end":{"line":326,"column":78}}},"fnMap":{"0":{"name":"StatusToggle","decl":{"start":{"line":40,"column":9},"end":{"line":40,"column":22}},"loc":{"start":{"line":40,"column":133},"end":{"line":75,"column":null}}},"1":{"name":"(anonymous_3)","decl":{"start":{"line":44,"column":23},"end":{"line":44,"column":null}},"loc":{"start":{"line":44,"column":23},"end":{"line":52,"column":null}}},"2":{"name":"getStatusBadge","decl":{"start":{"line":77,"column":9},"end":{"line":77,"column":24}},"loc":{"start":{"line":77,"column":39},"end":{"line":92,"column":null}}},"3":{"name":"UserTable","decl":{"start":{"line":94,"column":16},"end":{"line":94,"column":26}},"loc":{"start":{"line":94,"column":122},"end":{"line":336,"column":null}}},"4":{"name":"(anonymous_6)","decl":{"start":{"line":99,"column":12},"end":{"line":99,"column":null}},"loc":{"start":{"line":99,"column":12},"end":{"line":101,"column":5}}},"5":{"name":"(anonymous_7)","decl":{"start":{"line":103,"column":29},"end":{"line":103,"column":36}},"loc":{"start":{"line":103,"column":53},"end":{"line":135,"column":null}}},"6":{"name":"(anonymous_8)","decl":{"start":{"line":118,"column":20},"end":{"line":118,"column":null}},"loc":{"start":{"line":119,"column":8},"end":{"line":122,"column":null}}},"7":{"name":"(anonymous_9)","decl":{"start":{"line":119,"column":17},"end":{"line":119,"column":null}},"loc":{"start":{"line":120,"column":10},"end":{"line":122,"column":null}}},"8":{"name":"(anonymous_10)","decl":{"start":{"line":137,"column":25},"end":{"line":137,"column":26}},"loc":{"start":{"line":137,"column":38},"end":{"line":143,"column":null}}},"9":{"name":"(anonymous_11)","decl":{"start":{"line":207,"column":26},"end":{"line":207,"column":27}},"loc":{"start":{"line":208,"column":12},"end":{"line":209,"column":null}}},"10":{"name":"(anonymous_12)","decl":{"start":{"line":214,"column":23},"end":{"line":214,"column":24}},"loc":{"start":{"line":214,"column":30},"end":{"line":214,"column":null}}},"11":{"name":"(anonymous_13)","decl":{"start":{"line":222,"column":30},"end":{"line":222,"column":36}},"loc":{"start":{"line":222,"column":36},"end":{"line":222,"column":null}}},"12":{"name":"(anonymous_14)","decl":{"start":{"line":326,"column":49},"end":{"line":326,"column":55}},"loc":{"start":{"line":326,"column":55},"end":{"line":326,"column":78}}}},"branchMap":{"0":{"loc":{"start":{"line":47,"column":24},"end":{"line":47,"column":null}},"type":"cond-expr","locations":[{"start":{"line":47,"column":35},"end":{"line":47,"column":48}},{"start":{"line":47,"column":48},"end":{"line":47,"column":null}}]},"1":{"loc":{"start":{"line":60,"column":10},"end":{"line":60,"column":52}},"type":"cond-expr","locations":[{"start":{"line":60,"column":21},"end":{"line":60,"column":38}},{"start":{"line":60,"column":38},"end":{"line":60,"column":52}}]},"2":{"loc":{"start":{"line":61,"column":10},"end":{"line":61,"column":91}},"type":"cond-expr","locations":[{"start":{"line":61,"column":23},"end":{"line":61,"column":57}},{"start":{"line":61,"column":57},"end":{"line":61,"column":91}}]},"3":{"loc":{"start":{"line":67,"column":12},"end":{"line":67,"column":57}},"type":"cond-expr","locations":[{"start":{"line":67,"column":23},"end":{"line":67,"column":41}},{"start":{"line":67,"column":41},"end":{"line":67,"column":57}}]},"4":{"loc":{"start":{"line":71,"column":9},"end":{"line":71,"column":null}},"type":"cond-expr","locations":[{"start":{"line":71,"column":20},"end":{"line":71,"column":40}},{"start":{"line":71,"column":40},"end":{"line":71,"column":null}}]},"5":{"loc":{"start":{"line":113,"column":6},"end":{"line":115,"column":null}},"type":"if","locations":[{"start":{"line":113,"column":6},"end":{"line":115,"column":null}}]},"6":{"loc":{"start":{"line":120,"column":10},"end":{"line":122,"column":null}},"type":"cond-expr","locations":[{"start":{"line":121,"column":14},"end":{"line":121,"column":null}},{"start":{"line":122,"column":14},"end":{"line":122,"column":null}}]},"7":{"loc":{"start":{"line":127,"column":6},"end":{"line":129,"column":null}},"type":"if","locations":[{"start":{"line":127,"column":6},"end":{"line":129,"column":null}}]},"8":{"loc":{"start":{"line":138,"column":4},"end":{"line":140,"column":null}},"type":"if","locations":[{"start":{"line":138,"column":4},"end":{"line":140,"column":null}}]},"9":{"loc":{"start":{"line":145,"column":2},"end":{"line":168,"column":null}},"type":"if","locations":[{"start":{"line":145,"column":2},"end":{"line":168,"column":null}}]},"10":{"loc":{"start":{"line":145,"column":6},"end":{"line":145,"column":46}},"type":"binary-expr","locations":[{"start":{"line":145,"column":6},"end":{"line":145,"column":21}},{"start":{"line":145,"column":21},"end":{"line":145,"column":46}}]},"11":{"loc":{"start":{"line":178,"column":19},"end":{"line":178,"column":null}},"type":"binary-expr","locations":[{"start":{"line":178,"column":19},"end":{"line":178,"column":null}}]},"12":{"loc":{"start":{"line":212,"column":16},"end":{"line":212,"column":null}},"type":"cond-expr","locations":[{"start":{"line":212,"column":34},"end":{"line":212,"column":53}},{"start":{"line":212,"column":53},"end":{"line":212,"column":null}}]},"13":{"loc":{"start":{"line":217,"column":17},"end":{"line":217,"column":31}},"type":"binary-expr","locations":[{"start":{"line":217,"column":17},"end":{"line":217,"column":31}},{"start":{"line":217,"column":31},"end":{"line":217,"column":null}}]},"14":{"loc":{"start":{"line":237,"column":19},"end":{"line":239,"column":34}},"type":"cond-expr","locations":[{"start":{"line":238,"column":22},"end":{"line":238,"column":59}},{"start":{"line":239,"column":22},"end":{"line":239,"column":34}}]},"15":{"loc":{"start":{"line":251,"column":46},"end":{"line":251,"column":64}},"type":"binary-expr","locations":[{"start":{"line":251,"column":46},"end":{"line":251,"column":64}}]},"16":{"loc":{"start":{"line":295,"column":9},"end":{"line":295,"column":null}},"type":"binary-expr","locations":[{"start":{"line":295,"column":9},"end":{"line":295,"column":null}}]},"17":{"loc":{"start":{"line":302,"column":19},"end":{"line":302,"column":45}},"type":"binary-expr","locations":[{"start":{"line":302,"column":19},"end":{"line":302,"column":45}}]}},"s":{"0":0,"1":0,"2":0,"3":0,"4":0,"5":0,"6":0,"7":0,"8":0,"9":0,"10":0,"11":0,"12":0,"13":0,"14":0,"15":0,"16":0,"17":0,"18":0,"19":0,"20":0,"21":0,"22":0,"23":0,"24":0,"25":0,"26":0,"27":0,"28":0,"29":0,"30":0,"31":0,"32":0,"33":0,"34":0,"35":0,"36":0,"3
[...]
,"/Users/xy/Work/rsi/admin-portal/src/components/ui/input.tsx": {"path":"/Users/xy/Work/rsi/admin-portal/src/components/ui/input.tsx","statementMap":{"0":{"start":{"line":22,"column":9},"end":{"line":22,"column":null}},"1":{"start":{"line":1,"column":23},"end":{"line":1,"column":null}},"2":{"start":{"line":3,"column":19},"end":{"line":3,"column":null}},"3":{"start":{"line":5,"column":14},"end":{"line":18,"column":null}},"4":{"start":{"line":20,"column":0},"end":{"line":20,"column":null}}},"fnMap":{"0":{"name":"(anonymous_4)","decl":{"start":{"line":6,"column":2},"end":{"line":6,"column":3}},"loc":{"start":{"line":6,"column":34},"end":{"line":18,"column":null}}}},"branchMap":{},"s":{"0":168,"1":1,"2":1,"3":1,"4":1},"f":{"0":168},"b":{}}
,"/Users/xy/Work/rsi/admin-portal/src/components/ui/label.tsx": {"path":"/Users/xy/Work/rsi/admin-portal/src/components/ui/label.tsx","statementMap":{"0":{"start":{"line":26,"column":9},"end":{"line":26,"column":null}},"1":{"start":{"line":3,"column":23},"end":{"line":3,"column":null}},"2":{"start":{"line":4,"column":32},"end":{"line":4,"column":null}},"3":{"start":{"line":5,"column":39},"end":{"line":5,"column":null}},"4":{"start":{"line":7,"column":19},"end":{"line":7,"column":null}},"5":{"start":{"line":9,"column":22},"end":{"line":10,"column":null}},"6":{"start":{"line":24,"column":0},"end":{"line":24,"column":null}}},"fnMap":{},"branchMap":{},"s":{"0":209,"1":1,"2":1,"3":1,"4":1,"5":1,"6":1},"f":{},"b":{}}
,"/Users/xy/Work/rsi/admin-portal/src/components/ui/select.tsx": {"path":"/Users/xy/Work/rsi/admin-portal/src/components/ui/select.tsx","statementMap":{"0":{"start":{"line":150,"column":2},"end":{"line":150,"column":8}},"1":{"start":{"line":154,"column":2},"end":{"line":154,"column":15}},"2":{"start":{"line":151,"column":2},"end":{"line":151,"column":13}},"3":{"start":{"line":156,"column":2},"end":{"line":156,"column":12}},"4":{"start":{"line":155,"column":2},"end":{"line":155,"column":13}},"5":{"start":{"line":159,"column":2},"end":{"line":159,"column":24}},"6":{"start":{"line":158,"column":2},"end":{"line":158,"column":22}},"7":{"start":{"line":157,"column":2},"end":{"line":157,"column":17}},"8":{"start":{"line":153,"column":2},"end":{"line":153,"column":15}},"9":{"start":{"line":152,"column":2},"end":{"line":152,"column":13}},"10":{"start":{"line":3,"column":23},"end":{"line":3,"column":null}},"11":{"start":{"line":4,"column":33},"end":{"line":4,"column":null}},"12":{"start":{"line":5,"column":46},"end":{"line":5,"column":null}},"13":{"start":{"line":7,"column":19},"end":{"line":7,"column":null}},"14":{"start":{"line":9,"column":15},"end":{"line":9,"column":35}},"15":{"start":{"line":11,"column":20},"end":{"line":11,"column":41}},"16":{"start":{"line":13,"column":20},"end":{"line":13,"column":41}},"17":{"start":{"line":33,"column":0},"end":{"line":33,"column":null}},"18":{"start":{"line":50,"column":0},"end":{"line":50,"column":null}},"19":{"start":{"line":67,"column":0},"end":{"line":68,"column":null}},"20":{"start":{"line":100,"column":0},"end":{"line":100,"column":null}},"21":{"start":{"line":112,"column":0},"end":{"line":112,"column":null}},"22":{"start":{"line":135,"column":0},"end":{"line":135,"column":null}},"23":{"start":{"line":147,"column":0},"end":{"line":147,"column":null}}},"fnMap":{},"branchMap":{"0":{"loc":{"start":{"line":73,"column":26},"end":{"line":73,"column":45}},"type":"default-arg","locations":[{"start":{"line":73,"column":37},"end":{"line":73,"column":45}}]},"1":{"loc":{"start":{"line":79,"column":8},"end":{"line":80,"column":null}},"type":"binary-expr","locations":[{"start":{"line":79,"column":8},"end":{"line":79,"column":null}},{"start":{"line":80,"column":10},"end":{"line":80,"column":null}}]},"2":{"loc":{"start":{"line":90,"column":10},"end":{"line":91,"column":null}},"type":"binary-expr","locations":[{"start":{"line":90,"column":10},"end":{"line":90,"column":null}},{"start":{"line":91,"column":12},"end":{"line":91,"column":null}}]}},"s":{"0":0,"1":0,"2":0,"3":0,"4":0,"5":0,"6":0,"7":0,"8":0,"9":0,"10":0,"11":0,"12":0,"13":0,"14":0,"15":0,"16":0,"17":0,"18":0,"19":0,"20":0,"21":0,"22":0,"23":0},"f":{},"b":{"0":[0],"1":[0,0],"2":[0,0]}}
,"/Users/xy/Work/rsi/admin-portal/src/components/ui/sheet.tsx": {"path":"/Users/xy/Work/rsi/admin-portal/src/components/ui/sheet.tsx","statementMap":{"0":{"start":{"line":130,"column":2},"end":{"line":130,"column":7}},"1":{"start":{"line":134,"column":2},"end":{"line":134,"column":12}},"2":{"start":{"line":135,"column":2},"end":{"line":135,"column":14}},"3":{"start":{"line":139,"column":2},"end":{"line":139,"column":18}},"4":{"start":{"line":137,"column":2},"end":{"line":137,"column":13}},"5":{"start":{"line":136,"column":2},"end":{"line":136,"column":13}},"6":{"start":{"line":132,"column":2},"end":{"line":132,"column":14}},"7":{"start":{"line":131,"column":2},"end":{"line":131,"column":13}},"8":{"start":{"line":138,"column":2},"end":{"line":138,"column":12}},"9":{"start":{"line":133,"column":2},"end":{"line":133,"column":14}},"10":{"start":{"line":3,"column":23},"end":{"line":3,"column":null}},"11":{"start":{"line":4,"column":32},"end":{"line":4,"column":null}},"12":{"start":{"line":5,"column":39},"end":{"line":5,"column":null}},"13":{"start":{"line":6,"column":18},"end":{"line":6,"column":null}},"14":{"start":{"line":8,"column":19},"end":{"line":8,"column":null}},"15":{"start":{"line":10,"column":14},"end":{"line":10,"column":33}},"16":{"start":{"line":12,"column":21},"end":{"line":12,"column":43}},"17":{"start":{"line":14,"column":19},"end":{"line":14,"column":39}},"18":{"start":{"line":16,"column":20},"end":{"line":16,"column":41}},"19":{"start":{"line":31,"column":0},"end":{"line":31,"column":null}},"20":{"start":{"line":33,"column":22},"end":{"line":49,"column":null}},"21":{"start":{"line":75,"column":0},"end":{"line":75,"column":null}},"22":{"start":{"line":89,"column":0},"end":{"line":89,"column":null}},"23":{"start":{"line":103,"column":0},"end":{"line":103,"column":null}},"24":{"start":{"line":115,"column":0},"end":{"line":115,"column":null}},"25":{"start":{"line":127,"column":0},"end":{"line":127,"column":null}}},"fnMap":{},"branchMap":{"0":{"loc":{"start":{"line":59,"column":5},"end":{"line":59,"column":19}},"type":"default-arg","locations":[{"start":{"line":59,"column":12},"end":{"line":59,"column":19}}]}},"s":{"0":0,"1":0,"2":0,"3":0,"4":0,"5":0,"6":0,"7":0,"8":0,"9":0,"10":0,"11":0,"12":0,"13":0,"14":0,"15":0,"16":0,"17":0,"18":0,"19":0,"20":0,"21":0,"22":0,"23":0,"24":0,"25":0},"f":{},"b":{"0":[0]}}
,"/Users/xy/Work/rsi/admin-portal/src/components/ui/table.tsx": {"path":"/Users/xy/Work/rsi/admin-portal/src/components/ui/table.tsx","statementMap":{"0":{"start":{"line":109,"column":2},"end":{"line":109,"column":7}},"1":{"start":{"line":111,"column":2},"end":{"line":111,"column":11}},"2":{"start":{"line":116,"column":2},"end":{"line":116,"column":14}},"3":{"start":{"line":115,"column":2},"end":{"line":115,"column":11}},"4":{"start":{"line":112,"column":2},"end":{"line":112,"column":13}},"5":{"start":{"line":113,"column":2},"end":{"line":113,"column":11}},"6":{"start":{"line":110,"column":2},"end":{"line":110,"column":13}},"7":{"start":{"line":114,"column":2},"end":{"line":114,"column":10}},"8":{"start":{"line":1,"column":23},"end":{"line":1,"column":null}},"9":{"start":{"line":3,"column":19},"end":{"line":3,"column":null}},"10":{"start":{"line":17,"column":0},"end":{"line":17,"column":null}},"11":{"start":{"line":25,"column":0},"end":{"line":25,"column":null}},"12":{"start":{"line":37,"column":0},"end":{"line":37,"column":null}},"13":{"start":{"line":52,"column":0},"end":{"line":52,"column":null}},"14":{"start":{"line":67,"column":0},"end":{"line":67,"column":null}},"15":{"start":{"line":82,"column":0},"end":{"line":82,"column":null}},"16":{"start":{"line":94,"column":0},"end":{"line":94,"column":null}},"17":{"start":{"line":106,"column":0},"end":{"line":106,"column":null}}},"fnMap":{},"branchMap":{},"s":{"0":0,"1":0,"2":0,"3":0,"4":0,"5":0,"6":0,"7":0,"8":0,"9":0,"10":0,"11":0,"12":0,"13":0,"14":0,"15":0,"16":0,"17":0},"f":{},"b":{}}
,"/Users/xy/Work/rsi/admin-portal/src/components/ui/tooltip.tsx": {"path":"/Users/xy/Work/rsi/admin-portal/src/components/ui/tooltip.tsx","statementMap":{"0":{"start":{"line":30,"column":9},"end":{"line":30,"column":16}},"1":{"start":{"line":30,"column":34},"end":{"line":30,"column":48}},"2":{"start":{"line":30,"column":50},"end":{"line":30,"column":65}},"3":{"start":{"line":30,"column":18},"end":{"line":30,"column":32}},"4":{"start":{"line":3,"column":23},"end":{"line":3,"column":null}},"5":{"start":{"line":4,"column":34},"end":{"line":4,"column":null}},"6":{"start":{"line":6,"column":19},"end":{"line":6,"column":null}},"7":{"start":{"line":8,"column":24},"end":{"line":8,"column":49}},"8":{"start":{"line":10,"column":16},"end":{"line":10,"column":37}},"9":{"start":{"line":12,"column":23},"end":{"line":12,"column":47}},"10":{"start":{"line":28,"column":0},"end":{"line":28,"column":null}}},"fnMap":{},"branchMap":{"0":{"loc":{"start":{"line":17,"column":16},"end":{"line":17,"column":30}},"type":"default-arg","locations":[{"start":{"line":17,"column":29},"end":{"line":17,"column":30}}]}},"s":{"0":0,"1":0,"2":0,"3":0,"4":0,"5":0,"6":0,"7":0,"8":0,"9":0,"10":0},"f":{},"b":{"0":[0]}}
,"/Users/xy/Work/rsi/admin-portal/src/lib/db.ts": {"path":"/Users/xy/Work/rsi/admin-portal/src/lib/db.ts","statementMap":{"0":{"start":{"line":46,"column":22},"end":{"line":46,"column":39}},"1":{"start":{"line":74,"column":16},"end":{"line":74,"column":37}},"2":{"start":{"line":72,"column":13},"end":{"line":72,"column":16}},"3":{"start":{"line":83,"column":22},"end":{"line":83,"column":39}},"4":{"start":{"line":1,"column":23},"end":{"line":1,"column":null}},"5":{"start":{"line":2,"column":15},"end":{"line":2,"column":null}},"6":{"start":{"line":3,"column":17},"end":{"line":3,"column":null}},"7":{"start":{"line":6,"column":23},"end":{"line":6,"column":null}},"8":{"start":{"line":7,"column":23},"end":{"line":7,"column":null}},"9":{"start":{"line":8,"column":22},"end":{"line":8,"column":57}},"10":{"start":{"line":10,"column":4},"end":{"line":12,"column":null}},"11":{"start":{"line":11,"column":8},"end":{"line":11,"column":null}},"12":{"start":{"line":14,"column":4},"end":{"line":17,"column":null}},"13":{"start":{"line":21,"column":19},"end":{"line":21,"column":null}},"14":{"start":{"line":23,"column":35},"end":{"line":31,"column":null}},"15":{"start":{"line":34,"column":4},"end":{"line":39,"column":null}},"16":{"start":{"line":35,"column":8},"end":{"line":35,"column":null}},"17":{"start":{"line":37,"column":8},"end":{"line":37,"column":null}},"18":{"start":{"line":38,"column":8},"end":{"line":38,"column":null}},"19":{"start":{"line":41,"column":4},"end":{"line":41,"column":null}},"20":{"start":{"line":44,"column":40},"end":{"line":44,"column":null}},"21":{"start":{"line":47,"column":4},"end":{"line":69,"column":null}},"22":{"start":{"line":49,"column":30},"end":{"line":49,"column":null}},"23":{"start":{"line":52,"column":8},"end":{"line":59,"column":null}},"24":{"start":{"line":53,"column":35},"end":{"line":53,"column":55}},"25":{"start":{"line":54,"column":12},"end":{"line":58,"column":null}},"26":{"start":{"line":56,"column":16},"end":{"line":56,"column":null}},"27":{"start":{"line":57,"column":16},"end":{"line":57,"column":null}},"28":{"start":{"line":61,"column":8},"end":{"line":64,"column":null}},"29":{"start":{"line":62,"column":12},"end":{"line":62,"column":null}},"30":{"start":{"line":63,"column":12},"end":{"line":63,"column":null}},"31":{"start":{"line":65,"column":8},"end":{"line":65,"column":null}},"32":{"start":{"line":67,"column":8},"end":{"line":67,"column":null}},"33":{"start":{"line":68,"column":8},"end":{"line":68,"column":null}},"34":{"start":{"line":72,"column":19},"end":{"line":72,"column":null}},"35":{"start":{"line":75,"column":23},"end":{"line":75,"column":null}},"36":{"start":{"line":76,"column":4},"end":{"line":80,"column":null}},"37":{"start":{"line":84,"column":23},"end":{"line":84,"column":null}},"38":{"start":{"line":85,"column":23},"end":{"line":85,"column":null}},"39":{"start":{"line":87,"column":4},"end":{"line":89,"column":null}},"40":{"start":{"line":88,"column":8},"end":{"line":88,"column":null}},"41":{"start":{"line":91,"column":4},"end":{"line":91,"column":null}},"42":{"start":{"line":92,"column":4},"end":{"line":92,"column":null}},"43":{"start":{"line":95,"column":4},"end":{"line":98,"column":null}},"44":{"start":{"line":96,"column":8},"end":{"line":96,"column":null}},"45":{"start":{"line":97,"column":8},"end":{"line":97,"column":null}},"46":{"start":{"line":100,"column":4},"end":{"line":100,"column":null}}},"fnMap":{"0":{"name":"getConnectionConfig","decl":{"start":{"line":5,"column":9},"end":{"line":5,"column":null}},"loc":{"start":{"line":5,"column":9},"end":{"line":18,"column":null}}},"1":{"name":"getDbConfig","decl":{"start":{"line":20,"column":9},"end":{"line":20,"column":null}},"loc":{"start":{"line":20,"column":9},"end":{"line":42,"column":null}}},"2":{"name":"connectToDatabase","decl":{"start":{"line":46,"column":22},"end":{"line":46,"column":39}},"loc":{"start":{"line":46,"column":22},"end":{"line":70,"column":null}}},"3":{"name":"getCurrentEnvironment","decl":{"start":{"line":74,"column":16},"end":{"line":74,"column":37}},"loc":{"start":{"line":74,"column":16},"end":{"line":81,"column":null}}},"4":{"name":"switchEnvironment","decl":{"start":{"line":83,"column":22},"end":{"line":83,"column":39}},"loc":{"start":{"line":83,"column":54},"end":{"line":101,"column":null}}}},"branchMap":{"0":{"loc":{"start":{"line":7,"column":23},"end":{"line":7,"column":null}},"type":"binary-expr","locations":[{"start":{"line":7,"column":23},"end":{"line":7,"column":45}},{"start":{"line":7,"column":49},"end":{"line":7,"column":null}}]},"1":{"loc":{"start":{"line":10,"column":4},"end":{"line":12,"column":null}},"type":"if","locations":[{"start":{"line":10,"column":4},"end":{"line":12,"column":null}}]},"2":{"loc":{"start":{"line":26,"column":14},"end":{"line":26,"column":null}},"type":"binary-expr","locations":[{"start":{"line":26,"column":14},"end":{"line":26,"column":55}},{"start":{"line":26,"column":55},"end":{"line":26,"column":null}}]},"3":{"loc":{"start":{"line":28,"column":21},"end":{"line":28,"column":null}},"type":"cond-expr","locations":[{"start":{"line":28,"column":52},"end":{"line":28,"column":66}},{"start":{"line":28,"column":69},"end":{"line":28,"column":null}}]},"4":{"loc":{"start":{"line":29,"column":36},"end":{"line":29,"column":null}},"type":"cond-expr","locations":[{"start":{"line":29,"column":82},"end":{"line":29,"column":111}},{"start":{"line":29,"column":114},"end":{"line":29,"column":null}}]},"5":{"loc":{"start":{"line":34,"column":4},"end":{"line":39,"column":null}},"type":"if","locations":[{"start":{"line":34,"column":4},"end":{"line":39,"column":null}},{"start":{"line":36,"column":11},"end":{"line":39,"column":null}}]},"6":{"loc":{"start":{"line":52,"column":8},"end":{"line":59,"column":null}},"type":"if","locations":[{"start":{"line":52,"column":8},"end":{"line":59,"column":null}}]},"7":{"loc":{"start":{"line":54,"column":12},"end":{"line":58,"column":null}},"type":"if","locations":[{"start":{"line":54,"column":12},"end":{"line":58,"column":null}}]},"8":{"loc":{"start":{"line":54,"column":16},"end":{"line":55,"column":62}},"type":"binary-expr","locations":[{"start":{"line":54,"column":16},"end":{"line":54,"column":66}},{"start":{"line":55,"column":16},"end":{"line":55,"column":62}}]},"9":{"loc":{"start":{"line":61,"column":8},"end":{"line":64,"column":null}},"type":"if","locations":[{"start":{"line":61,"column":8},"end":{"line":64,"column":null}}]},"10":{"loc":{"start":{"line":77,"column":17},"end":{"line":77,"column":null}},"type":"binary-expr","locations":[{"start":{"line":77,"column":17},"end":{"line":77,"column":39}},{"start":{"line":77,"column":43},"end":{"line":77,"column":null}}]},"11":{"loc":{"start":{"line":78,"column":14},"end":{"line":78,"column":null}},"type":"binary-expr","locations":[{"start":{"line":78,"column":14},"end":{"line":78,"column":71}},{"start":{"line":78,"column":71},"end":{"line":78,"column":null}}]},"12":{"loc":{"start":{"line":79,"column":31},"end":{"line":79,"column":null}},"type":"binary-expr","locations":[{"start":{"line":79,"column":31},"end":{"line":79,"column":54}},{"start":{"line":79,"column":58},"end":{"line":79,"column":null}}]},"13":{"loc":{"start":{"line":87,"column":4},"end":{"line":89,"column":null}},"type":"if","locations":[{"start":{"line":87,"column":4},"end":{"line":89,"column":null}}]},"14":{"loc":{"start":{"line":95,"column":4},"end":{"line":98,"column":null}},"type":"if","locations":[{"start":{"line":95,"column":4},"end":{"line":98,"column":null}}]}},"s":{"0":1,"1":0,"2":1,"3":0,"4":1,"5":1,"6":1,"7":0,"8":0,"9":0,"10":0,"11":0,"12":0,"13":0,"14":0,"15":0,"16":0,"17":0,"18":0,"19":0,"20":1,"21":0,"22":0,"23":0,"24":0,"25":0,"26":0,"27":0,"28":0,"29":0,"30":0,"31":0,"32":0,"33":0,"34":1,"35":0,"36":0,"37":0,"38":0,"39":0,"40":0,"41":0,"42":0,"43":0,"44":0,"45":0,"46":0},"f":{"0":0,"1":0,"2":0,"3":0,"4":0},"b":{"0":[0,0],"1":[0],"2":[0,0],"3":[0,0],"4":[0,0],"5":[0,0],"6":[0],"7":[0],"8":[0,0],"9":[0],"10":[0,0],"11":[0,0],"12":[0,0],"13":[0],"14":[0]}}
,"/Users/xy/Work/rsi/admin-portal/src/lib/field-config.ts": {"path":"/Users/xy/Work/rsi/admin-portal/src/lib/field-config.ts","statementMap":{"0":{"start":{"line":14,"column":13},"end":{"line":14,"column":27}},"1":{"start":{"line":14,"column":27},"end":{"line":64,"column":null}}},"fnMap":{},"branchMap":{},"s":{"0":100,"1":4},"f":{},"b":{}}
,"/Users/xy/Work/rsi/admin-portal/src/lib/utils.ts": {"path":"/Users/xy/Work/rsi/admin-portal/src/lib/utils.ts","statementMap":{"0":{"start":{"line":4,"column":16},"end":{"line":4,"column":19}},"1":{"start":{"line":1,"column":38},"end":{"line":1,"column":null}},"2":{"start":{"line":2,"column":24},"end":{"line":2,"column":null}},"3":{"start":{"line":5,"column":2},"end":{"line":5,"column":null}}},"fnMap":{"0":{"name":"cn","decl":{"start":{"line":4,"column":16},"end":{"line":4,"column":19}},"loc":{"start":{"line":4,"column":42},"end":{"line":6,"column":null}}}},"branchMap":{},"s":{"0":540,"1":4,"2":4,"3":540},"f":{"0":540},"b":{}}
}
