TN:
SF:src/app/layout.tsx
FN:16,RootLayout
FNF:1
FNH:0
FNDA:0,RootLayout
DA:2,0
DA:3,0
DA:4,0
DA:6,0
DA:8,0
DA:16,0
LF:6
LH:0
BRF:0
BRH:0
end_of_record
TN:
SF:src/app/page.tsx
FN:19,getUsers
FN:35,UsersPage
FNF:2
FNH:0
FNDA:0,getUsers
FNDA:0,UsersPage
DA:1,0
DA:2,0
DA:3,0
DA:4,0
DA:5,0
DA:6,0
DA:7,0
DA:8,0
DA:20,0
DA:21,0
DA:22,0
DA:27,0
DA:29,0
DA:30,0
DA:35,0
DA:36,0
LF:16
LH:0
BRDA:61,0,0,0
BRF:1
BRH:0
end_of_record
TN:
SF:src/app/add-user/page.tsx
FN:4,AddUserPage
FNF:1
FNH:0
FNDA:0,AddUserPage
DA:1,0
DA:2,0
DA:4,0
LF:3
LH:0
BRF:0
BRH:0
end_of_record
TN:
SF:src/app/api/environment/route.ts
FN:4,GET
FN:17,POST
FNF:2
FNH:0
FNDA:0,GET
FNDA:0,POST
DA:1,0
DA:2,0
DA:4,0
DA:5,0
DA:6,0
DA:7,0
DA:9,0
DA:10,0
DA:17,0
DA:18,0
DA:19,0
DA:21,0
DA:22,0
DA:28,0
DA:30,0
DA:38,0
DA:39,0
LF:17
LH:0
BRDA:21,0,0,0
BRF:1
BRH:0
end_of_record
TN:
SF:src/app/api/profiles/route.ts
FN:4,GET
FN:17,(anonymous_2)
FNF:2
FNH:0
FNDA:0,GET
FNDA:0,(anonymous_2)
DA:1,0
DA:2,0
DA:4,0
DA:5,0
DA:6,0
DA:8,0
DA:16,0
DA:17,0
DA:21,0
DA:22,0
LF:10
LH:0
BRF:0
BRH:0
end_of_record
TN:
SF:src/app/api/users/route.ts
FN:5,POST
FN:30,(anonymous_2)
FN:53,(anonymous_3)
FNF:3
FNH:0
FNDA:0,POST
FNDA:0,(anonymous_2)
FNDA:0,(anonymous_3)
DA:1,0
DA:2,0
DA:3,0
DA:5,0
DA:6,0
DA:7,0
DA:9,0
DA:12,0
DA:13,0
DA:14,0
DA:15,0
DA:16,0
DA:18,0
DA:19,0
DA:26,0
DA:27,0
DA:28,0
DA:30,0
DA:31,0
DA:32,0
DA:33,0
DA:34,0
DA:39,0
DA:40,0
DA:43,0
DA:44,0
DA:46,0
DA:52,0
DA:53,0
DA:54,0
DA:57,0
DA:58,0
DA:61,0
DA:64,0
DA:65,0
LF:35
LH:0
BRDA:12,0,0,0
BRDA:18,1,0,0
BRDA:31,2,0,0
BRDA:31,3,0,0
BRDA:31,3,1,0
BRF:5
BRH:0
end_of_record
TN:
SF:src/app/api/users/[id]/route.ts
FN:5,PUT
FN:18,(anonymous_2)
FN:64,(anonymous_3)
FNF:3
FNH:0
FNDA:0,PUT
FNDA:0,(anonymous_2)
FNDA:0,(anonymous_3)
DA:1,0
DA:2,0
DA:3,0
DA:5,0
DA:9,0
DA:10,0
DA:11,0
DA:13,0
DA:15,0
DA:16,0
DA:18,0
DA:19,0
DA:21,0
DA:22,0
DA:24,0
DA:26,0
DA:27,0
DA:29,0
DA:30,0
DA:32,0
DA:33,0
DA:35,0
DA:36,0
DA:41,0
DA:42,0
DA:44,0
DA:45,0
DA:47,0
DA:51,0
DA:52,0
DA:59,0
DA:61,0
DA:63,0
DA:64,0
DA:65,0
DA:67,0
DA:69,0
DA:71,0
DA:74,0
DA:75,0
LF:40
LH:0
BRDA:19,0,0,0
BRDA:22,1,0,0
BRDA:22,2,0,0
BRDA:22,2,1,0
BRDA:22,2,2,0
BRDA:24,3,0,0
BRDA:24,3,1,0
BRDA:24,3,2,0
BRDA:24,3,3,0
BRDA:24,3,4,0
BRDA:24,3,5,0
BRDA:24,3,6,0
BRDA:24,3,7,0
BRDA:24,3,8,0
BRDA:24,3,9,0
BRF:15
BRH:0
end_of_record
TN:
SF:src/app/api/users/[id]/profiles/route.ts
FN:4,GET
FN:30,PUT
FNF:2
FNH:0
FNDA:0,GET
FNDA:0,PUT
DA:1,0
DA:2,0
DA:4,0
DA:8,0
DA:9,0
DA:10,0
DA:12,0
DA:19,0
DA:22,0
DA:23,0
DA:30,0
DA:34,0
DA:35,0
DA:36,0
DA:37,0
DA:39,0
DA:42,0
DA:43,0
DA:45,0
DA:47,0
DA:48,0
DA:53,0
DA:54,0
DA:55,0
DA:61,0
DA:63,0
DA:66,0
DA:67,0
DA:71,0
DA:72,0
LF:30
LH:0
BRF:0
BRH:0
end_of_record
TN:
SF:src/app/api/users/[id]/status/route.ts
FN:4,PATCH
FNF:1
FNH:0
FNDA:0,PATCH
DA:1,0
DA:2,0
DA:4,0
DA:8,0
DA:9,0
DA:10,0
DA:11,0
DA:13,0
DA:14,0
DA:20,0
DA:21,0
DA:27,0
DA:29,0
DA:35,0
DA:36,0
DA:42,0
DA:48,0
DA:49,0
LF:18
LH:0
BRDA:13,0,0,0
BRDA:13,1,0,0
BRDA:13,1,1,0
BRDA:20,2,0,0
BRDA:20,3,0,0
BRDA:20,3,1,0
BRDA:35,4,0,0
BRF:7
BRH:0
end_of_record
TN:
SF:src/app/edit-user/[id]/page.tsx
FN:13,getUser
FN:29,EditUserPage
FNF:2
FNH:0
FNDA:0,getUser
FNDA:0,EditUserPage
DA:1,0
DA:2,0
DA:3,0
DA:4,0
DA:5,0
DA:14,0
DA:15,0
DA:16,0
DA:18,0
DA:19,0
DA:22,0
DA:24,0
DA:25,0
DA:29,0
DA:31,0
DA:33,0
DA:34,0
DA:35,0
DA:36,0
DA:37,0
DA:40,0
DA:43,0
LF:22
LH:0
BRDA:18,0,0,0
BRDA:36,1,0,0
BRDA:43,2,0,0
BRF:3
BRH:0
end_of_record
TN:
SF:src/components/environment-selector.tsx
FN:27,EnvironmentSelector
FN:32,(anonymous_2)
FN:47,(anonymous_3)
FN:75,(anonymous_4)
FN:79,(anonymous_5)
FN:93,(anonymous_6)
FN:133,(anonymous_7)
FN:136,(anonymous_8)
FNF:8
FNH:4
FNDA:29,EnvironmentSelector
FNDA:6,(anonymous_2)
FNDA:0,(anonymous_3)
FNDA:6,(anonymous_4)
FNDA:16,(anonymous_5)
FNDA:0,(anonymous_6)
FNDA:0,(anonymous_7)
FNDA:0,(anonymous_8)
DA:3,1
DA:4,1
DA:5,1
DA:11,1
DA:12,1
DA:27,6
DA:28,29
DA:29,28
DA:30,28
DA:32,28
DA:33,6
DA:34,6
DA:35,6
DA:36,6
DA:37,5
DA:38,5
DA:41,1
DA:43,6
DA:47,28
DA:48,0
DA:50,0
DA:51,0
DA:52,0
DA:60,0
DA:61,0
DA:63,0
DA:65,0
DA:68,0
DA:69,0
DA:71,0
DA:75,28
DA:76,6
DA:79,28
DA:80,16
DA:82,0
DA:84,0
DA:86,0
DA:89,16
DA:93,28
DA:94,0
DA:100,0
DA:103,28
DA:134,0
DA:136,0
LF:44
LH:26
BRDA:36,0,0,5
BRDA:48,1,0,0
BRDA:60,2,0,0
BRDA:60,2,1,0
BRDA:80,3,0,0
BRDA:80,3,1,0
BRDA:80,3,2,0
BRDA:80,3,3,0
BRDA:80,3,4,16
BRDA:100,4,0,0
BRDA:100,4,1,0
BRDA:103,5,0,12
BRDA:103,6,0,28
BRDA:103,6,1,22
BRDA:126,7,0,0
BRF:15
BRH:5
end_of_record
TN:
SF:src/components/navigation.tsx
FN:17,Navigation
FN:35,(anonymous_3)
FNF:2
FNH:2
FNDA:7,Navigation
FNDA:14,(anonymous_3)
DA:3,1
DA:4,1
DA:5,1
DA:6,1
DA:7,1
DA:8,1
DA:9,1
DA:10,1
DA:12,1
DA:17,7
DA:18,7
DA:36,14
DA:37,14
LF:13
LH:13
BRDA:43,0,0,7
BRDA:43,0,1,7
BRF:2
BRH:2
end_of_record
TN:
SF:src/components/success-alert.tsx
FN:7,SuccessAlert
FNF:1
FNH:0
FNDA:0,SuccessAlert
DA:3,0
DA:5,0
DA:7,0
DA:8,0
DA:9,0
DA:10,0
DA:12,0
LF:7
LH:0
BRDA:12,0,0,0
BRDA:12,1,0,0
BRDA:12,1,1,0
BRDA:16,2,0,0
BRDA:30,3,0,0
BRF:5
BRH:0
end_of_record
TN:
SF:src/components/user-directory.tsx
FN:23,UserDirectory
FN:29,(anonymous_5)
FN:33,(anonymous_6)
FN:34,(anonymous_7)
FN:35,(anonymous_8)
FN:43,(anonymous_9)
FN:58,(anonymous_10)
FN:68,(anonymous_11)
FN:72,(anonymous_12)
FN:85,(anonymous_13)
FN:90,(anonymous_14)
FN:101,(anonymous_15)
FN:112,(anonymous_16)
FN:143,(anonymous_17)
FNF:14
FNH:0
FNDA:0,UserDirectory
FNDA:0,(anonymous_5)
FNDA:0,(anonymous_6)
FNDA:0,(anonymous_7)
FNDA:0,(anonymous_8)
FNDA:0,(anonymous_9)
FNDA:0,(anonymous_10)
FNDA:0,(anonymous_11)
FNDA:0,(anonymous_12)
FNDA:0,(anonymous_13)
FNDA:0,(anonymous_14)
FNDA:0,(anonymous_15)
FNDA:0,(anonymous_16)
FNDA:0,(anonymous_17)
DA:3,0
DA:4,0
DA:5,0
DA:6,0
DA:7,0
DA:8,0
DA:23,0
DA:24,0
DA:25,0
DA:26,0
DA:27,0
DA:29,0
DA:30,0
DA:33,0
DA:34,0
DA:35,0
DA:36,0
DA:43,0
DA:45,0
DA:51,0
DA:55,0
DA:58,0
DA:59,0
DA:60,0
DA:61,0
DA:63,0
DA:65,0
DA:68,0
DA:69,0
DA:70,0
DA:72,0
DA:85,0
DA:90,0
DA:101,0
DA:112,0
DA:143,0
LF:36
LH:0
BRDA:36,0,0,0
BRDA:36,0,1,0
BRDA:45,1,0,0
BRDA:45,1,1,0
BRDA:45,1,2,0
BRDA:45,1,3,0
BRDA:51,2,0,0
BRDA:51,2,1,0
BRDA:51,2,2,0
BRDA:51,2,3,0
BRDA:51,2,4,0
BRDA:55,3,0,0
BRDA:55,3,1,0
BRDA:60,4,0,0
BRDA:60,4,1,0
BRDA:69,5,0,0
BRDA:69,5,1,0
BRDA:93,6,0,0
BRDA:93,6,1,0
BRDA:104,7,0,0
BRDA:104,7,1,0
BRDA:115,8,0,0
BRDA:115,8,1,0
BRDA:125,9,0,0
BRDA:129,10,0,0
BRDA:129,10,1,0
BRDA:157,11,0,0
BRDA:157,11,1,0
BRF:28
BRH:0
end_of_record
TN:
SF:src/components/user-form.tsx
FN:19,UserForm
FN:28,(anonymous_2)
FN:29,(anonymous_3)
FN:31,(anonymous_4)
FN:35,(anonymous_5)
FN:38,(anonymous_6)
FN:48,(anonymous_7)
FN:118,(anonymous_8)
FN:132,(anonymous_9)
FN:139,(anonymous_10)
FN:166,(anonymous_11)
FN:203,(anonymous_12)
FN:223,(anonymous_13)
FN:232,(anonymous_14)
FN:251,(anonymous_15)
FNF:15
FNH:15
FNDA:37,UserForm
FNDA:17,(anonymous_2)
FNDA:17,(anonymous_3)
FNDA:1,(anonymous_4)
FNDA:6,(anonymous_5)
FNDA:30,(anonymous_6)
FNDA:6,(anonymous_7)
FNDA:209,(anonymous_8)
FNDA:3,(anonymous_9)
FNDA:161,(anonymous_10)
FNDA:14,(anonymous_11)
FNDA:185,(anonymous_12)
FNDA:1,(anonymous_13)
FNDA:24,(anonymous_14)
FNDA:1,(anonymous_15)
DA:3,1
DA:4,1
DA:6,1
DA:7,1
DA:8,1
DA:9,1
DA:10,1
DA:11,1
DA:12,1
DA:19,12
DA:20,37
DA:21,37
DA:22,37
DA:23,37
DA:24,37
DA:25,37
DA:26,37
DA:28,37
DA:29,17
DA:30,17
DA:31,1
DA:35,37
DA:36,6
DA:38,6
DA:39,30
DA:40,15
DA:44,6
DA:45,6
DA:48,37
DA:49,6
DA:51,6
DA:52,3
DA:55,3
DA:56,3
DA:58,3
DA:59,3
DA:60,3
DA:62,3
DA:70,2
DA:71,1
DA:72,1
DA:75,1
DA:78,1
DA:79,1
DA:80,1
DA:84,1
DA:85,1
DA:86,1
DA:97,1
DA:98,0
DA:99,0
DA:103,1
DA:108,1
DA:112,1
DA:114,2
DA:118,37
DA:119,209
DA:120,209
DA:122,209
DA:123,41
DA:132,3
DA:140,161
DA:141,161
DA:142,161
DA:156,168
DA:166,14
DA:203,185
DA:223,1
DA:232,24
DA:251,1
LF:70
LH:68
BRDA:19,0,0,36
BRDA:19,1,0,36
BRDA:30,2,0,1
BRDA:39,3,0,15
BRDA:39,4,0,30
BRDA:39,4,1,15
BRDA:51,5,0,3
BRDA:59,6,0,0
BRDA:59,6,1,3
BRDA:60,7,0,0
BRDA:60,7,1,3
BRDA:70,8,0,1
BRDA:72,9,0,1
BRDA:72,9,1,0
BRDA:79,10,0,1
BRDA:79,11,0,1
BRDA:79,11,1,1
BRDA:84,12,0,1
BRDA:92,13,0,1
BRDA:92,13,1,0
BRDA:93,14,0,1
BRDA:93,14,1,0
BRDA:93,14,2,0
BRDA:97,15,0,0
BRDA:109,16,0,0
BRDA:109,16,1,1
BRDA:112,17,0,1
BRDA:112,17,1,0
BRDA:119,18,0,209
BRDA:119,18,1,139
BRDA:122,19,0,41
BRDA:122,20,0,209
BRDA:122,20,1,41
BRDA:127,21,0,41
BRDA:133,22,0,4
BRDA:133,22,1,37
BRDA:140,23,0,157
BRDA:140,23,1,4
BRDA:141,24,0,157
BRDA:141,24,1,4
BRDA:149,25,0,41
BRDA:160,26,0,168
BRDA:168,27,0,15
BRDA:168,27,1,153
BRDA:174,28,0,168
BRDA:184,29,0,37
BRDA:226,30,0,1
BRDA:226,30,1,36
BRDA:230,31,0,37
BRDA:240,32,0,1
BRDA:240,32,1,36
BRDA:242,33,0,37
BRDA:242,33,1,27
BRDA:242,33,2,15
BRDA:264,34,0,3
BRDA:264,34,1,34
BRDA:265,35,0,0
BRDA:265,35,1,3
BRDA:266,36,0,1
BRDA:266,36,1,33
BRF:60
BRH:50
end_of_record
TN:
SF:src/components/user-profiles.tsx
FN:20,UserProfiles
FN:27,(anonymous_2)
FN:35,(anonymous_3)
FN:36,(anonymous_4)
FN:39,(anonymous_5)
FN:51,(anonymous_6)
FN:65,(anonymous_7)
FN:79,(anonymous_8)
FN:82,(anonymous_9)
FN:83,(anonymous_10)
FN:87,(anonymous_11)
FN:90,(anonymous_12)
FN:91,(anonymous_13)
FN:92,(anonymous_14)
FN:126,(anonymous_15)
FN:147,(anonymous_16)
FN:179,(anonymous_17)
FN:183,(anonymous_18)
FNF:18
FNH:0
FNDA:0,UserProfiles
FNDA:0,(anonymous_2)
FNDA:0,(anonymous_3)
FNDA:0,(anonymous_4)
FNDA:0,(anonymous_5)
FNDA:0,(anonymous_6)
FNDA:0,(anonymous_7)
FNDA:0,(anonymous_8)
FNDA:0,(anonymous_9)
FNDA:0,(anonymous_10)
FNDA:0,(anonymous_11)
FNDA:0,(anonymous_12)
FNDA:0,(anonymous_13)
FNDA:0,(anonymous_14)
FNDA:0,(anonymous_15)
FNDA:0,(anonymous_16)
FNDA:0,(anonymous_17)
FNDA:0,(anonymous_18)
DA:3,0
DA:6,0
DA:20,0
DA:21,0
DA:22,0
DA:23,0
DA:24,0
DA:27,0
DA:28,0
DA:29,0
DA:30,0
DA:35,0
DA:36,0
DA:39,0
DA:40,0
DA:41,0
DA:42,0
DA:43,0
DA:44,0
DA:47,0
DA:51,0
DA:52,0
DA:54,0
DA:55,0
DA:56,0
DA:57,0
DA:58,0
DA:61,0
DA:65,0
DA:66,0
DA:68,0
DA:74,0
DA:75,0
DA:76,0
DA:79,0
DA:82,0
DA:83,0
DA:84,0
DA:87,0
DA:90,0
DA:91,0
DA:92,0
DA:127,0
DA:147,0
DA:179,0
DA:184,0
LF:46
LH:0
BRDA:29,0,0,0
BRDA:42,1,0,0
BRDA:52,2,0,0
BRDA:56,3,0,0
BRDA:66,4,0,0
BRDA:119,5,0,0
BRDA:125,6,0,0
BRDA:169,7,0,0
BRDA:203,8,0,0
BRDA:203,8,1,0
BRF:10
BRH:0
end_of_record
TN:
SF:src/components/user-table.tsx
FN:40,StatusToggle
FN:44,(anonymous_3)
FN:77,getStatusBadge
FN:94,UserTable
FN:99,(anonymous_6)
FN:103,(anonymous_7)
FN:118,(anonymous_8)
FN:119,(anonymous_9)
FN:137,(anonymous_10)
FN:207,(anonymous_11)
FN:214,(anonymous_12)
FN:222,(anonymous_13)
FN:326,(anonymous_14)
FNF:13
FNH:0
FNDA:0,StatusToggle
FNDA:0,(anonymous_3)
FNDA:0,getStatusBadge
FNDA:0,UserTable
FNDA:0,(anonymous_6)
FNDA:0,(anonymous_7)
FNDA:0,(anonymous_8)
FNDA:0,(anonymous_9)
FNDA:0,(anonymous_10)
FNDA:0,(anonymous_11)
FNDA:0,(anonymous_12)
FNDA:0,(anonymous_13)
FNDA:0,(anonymous_14)
DA:1,0
DA:2,0
DA:3,0
DA:4,0
DA:5,0
DA:11,0
DA:19,0
DA:20,0
DA:41,0
DA:42,0
DA:44,0
DA:45,0
DA:46,0
DA:47,0
DA:48,0
DA:50,0
DA:80,0
DA:94,0
DA:95,0
DA:96,0
DA:97,0
DA:99,0
DA:100,0
DA:103,0
DA:104,0
DA:105,0
DA:113,0
DA:114,0
DA:118,0
DA:119,0
DA:120,0
DA:127,0
DA:128,0
DA:132,0
DA:133,0
DA:137,0
DA:138,0
DA:139,0
DA:141,0
DA:142,0
DA:145,0
DA:208,0
DA:214,0
DA:222,0
DA:326,0
LF:45
LH:0
BRDA:47,0,0,0
BRDA:47,0,1,0
BRDA:60,1,0,0
BRDA:60,1,1,0
BRDA:61,2,0,0
BRDA:61,2,1,0
BRDA:67,3,0,0
BRDA:67,3,1,0
BRDA:71,4,0,0
BRDA:71,4,1,0
BRDA:113,5,0,0
BRDA:120,6,0,0
BRDA:120,6,1,0
BRDA:127,7,0,0
BRDA:138,8,0,0
BRDA:145,9,0,0
BRDA:145,10,0,0
BRDA:145,10,1,0
BRDA:178,11,0,0
BRDA:212,12,0,0
BRDA:212,12,1,0
BRDA:217,13,0,0
BRDA:217,13,1,0
BRDA:237,14,0,0
BRDA:237,14,1,0
BRDA:251,15,0,0
BRDA:295,16,0,0
BRDA:302,17,0,0
BRF:28
BRH:0
end_of_record
TN:
SF:src/components/ui/alert.tsx
FNF:0
FNH:0
DA:1,1
DA:2,1
DA:4,1
DA:6,1
DA:33,1
DA:45,1
DA:57,1
DA:59,1
LF:8
LH:8
BRF:0
BRH:0
end_of_record
TN:
SF:src/components/ui/avatar.tsx
FN:10,(anonymous_7)
FNF:1
FNH:1
FNDA:7,(anonymous_7)
DA:1,1
DA:2,1
DA:4,1
DA:30,1
DA:42,1
DA:57,1
DA:59,7
LF:7
LH:7
BRDA:21,0,0,0
BRF:1
BRH:0
end_of_record
TN:
SF:src/components/ui/badge.tsx
FN:34,Badge
FNF:1
FNH:0
FNDA:0,Badge
DA:1,1
DA:2,1
DA:4,1
DA:6,1
DA:40,16
LF:5
LH:5
BRF:0
BRH:0
end_of_record
TN:
SF:src/components/ui/button.tsx
FN:43,(anonymous_6)
FNF:1
FNH:1
FNDA:125,(anonymous_6)
DA:1,3
DA:2,3
DA:3,3
DA:5,3
DA:7,3
DA:42,3
DA:44,125
DA:54,3
DA:56,134
LF:9
LH:9
BRDA:43,0,0,125
BRDA:44,1,0,0
BRDA:44,1,1,125
BRF:3
BRH:2
end_of_record
TN:
SF:src/components/ui/card.tsx
FNF:0
FNH:0
DA:1,0
DA:3,0
DA:18,0
DA:30,0
DA:45,0
DA:57,0
DA:65,0
DA:77,0
DA:79,0
LF:9
LH:0
BRF:0
BRH:0
end_of_record
TN:
SF:src/components/ui/dropdown-menu.tsx
FN:169,(anonymous_27)
FNF:1
FNH:0
FNDA:0,(anonymous_27)
DA:1,2
DA:2,2
DA:3,2
DA:5,2
DA:7,2
DA:9,2
DA:11,2
DA:13,2
DA:15,2
DA:17,2
DA:38,2
DA:54,2
DA:73,2
DA:91,2
DA:114,2
DA:137,2
DA:155,2
DA:167,2
DA:169,2
DA:180,2
DA:183,23
DA:184,23
DA:185,7
DA:186,14
DA:187,0
DA:188,0
DA:189,0
DA:190,0
DA:191,0
DA:192,0
DA:193,0
DA:194,0
DA:195,0
DA:196,0
DA:197,0
LF:35
LH:24
BRDA:29,0,0,0
BRDA:29,0,1,0
BRDA:60,1,0,7
BRDA:85,2,0,0
BRDA:85,2,1,0
BRDA:149,3,0,0
BRDA:149,3,1,0
BRF:7
BRH:1
end_of_record
TN:
SF:src/components/ui/form.tsx
FN:31,(anonymous_12)
FN:44,(anonymous_13)
FN:78,(anonymous_14)
FN:92,(anonymous_15)
FN:109,(anonymous_16)
FN:131,(anonymous_17)
FN:148,(anonymous_18)
FNF:7
FNH:0
FNDA:0,(anonymous_12)
FNDA:0,(anonymous_13)
FNDA:0,(anonymous_14)
FNDA:0,(anonymous_15)
FNDA:0,(anonymous_16)
FNDA:0,(anonymous_17)
FNDA:0,(anonymous_18)
DA:3,0
DA:5,0
DA:13,0
DA:15,0
DA:16,0
DA:18,0
DA:27,0
DA:31,0
DA:44,0
DA:45,0
DA:46,0
DA:47,0
DA:49,0
DA:51,0
DA:52,0
DA:55,0
DA:57,0
DA:71,0
DA:75,0
DA:79,0
DA:87,0
DA:89,0
DA:93,0
DA:104,0
DA:106,0
DA:110,0
DA:126,0
DA:128,0
DA:132,0
DA:143,0
DA:145,0
DA:149,0
DA:150,0
DA:152,0
DA:153,0
DA:167,0
DA:170,0
DA:171,0
DA:172,0
DA:173,0
DA:174,0
DA:175,0
DA:176,0
DA:177,0
LF:44
LH:0
BRDA:51,0,0,0
BRDA:98,1,0,0
BRDA:98,1,1,0
BRDA:117,2,0,0
BRDA:117,2,1,0
BRDA:150,3,0,0
BRDA:150,3,1,0
BRDA:150,4,0,0
BRDA:150,4,1,0
BRDA:152,5,0,0
BRF:10
BRH:0
end_of_record
TN:
SF:src/components/ui/input.tsx
FN:6,(anonymous_4)
FNF:1
FNH:1
FNDA:168,(anonymous_4)
DA:1,1
DA:3,1
DA:5,1
DA:20,1
DA:22,168
LF:5
LH:5
BRF:0
BRH:0
end_of_record
TN:
SF:src/components/ui/label.tsx
FNF:0
FNH:0
DA:3,1
DA:4,1
DA:5,1
DA:7,1
DA:9,1
DA:24,1
DA:26,209
LF:7
LH:7
BRF:0
BRH:0
end_of_record
TN:
SF:src/components/ui/select.tsx
FNF:0
FNH:0
DA:3,0
DA:4,0
DA:5,0
DA:7,0
DA:9,0
DA:11,0
DA:13,0
DA:33,0
DA:50,0
DA:67,0
DA:100,0
DA:112,0
DA:135,0
DA:147,0
DA:150,0
DA:151,0
DA:152,0
DA:153,0
DA:154,0
DA:155,0
DA:156,0
DA:157,0
DA:158,0
DA:159,0
LF:24
LH:0
BRDA:73,0,0,0
BRDA:79,1,0,0
BRDA:79,1,1,0
BRDA:90,2,0,0
BRDA:90,2,1,0
BRF:5
BRH:0
end_of_record
TN:
SF:src/components/ui/sheet.tsx
FNF:0
FNH:0
DA:3,0
DA:4,0
DA:5,0
DA:6,0
DA:8,0
DA:10,0
DA:12,0
DA:14,0
DA:16,0
DA:31,0
DA:33,0
DA:75,0
DA:89,0
DA:103,0
DA:115,0
DA:127,0
DA:130,0
DA:131,0
DA:132,0
DA:133,0
DA:134,0
DA:135,0
DA:136,0
DA:137,0
DA:138,0
DA:139,0
LF:26
LH:0
BRDA:59,0,0,0
BRF:1
BRH:0
end_of_record
TN:
SF:src/components/ui/table.tsx
FNF:0
FNH:0
DA:1,0
DA:3,0
DA:17,0
DA:25,0
DA:37,0
DA:52,0
DA:67,0
DA:82,0
DA:94,0
DA:106,0
DA:109,0
DA:110,0
DA:111,0
DA:112,0
DA:113,0
DA:114,0
DA:115,0
DA:116,0
LF:18
LH:0
BRF:0
BRH:0
end_of_record
TN:
SF:src/components/ui/tooltip.tsx
FNF:0
FNH:0
DA:3,0
DA:4,0
DA:6,0
DA:8,0
DA:10,0
DA:12,0
DA:28,0
DA:30,0
LF:8
LH:0
BRDA:17,0,0,0
BRF:1
BRH:0
end_of_record
TN:
SF:src/lib/db.ts
FN:5,getConnectionConfig
FN:20,getDbConfig
FN:46,connectToDatabase
FN:74,getCurrentEnvironment
FN:83,switchEnvironment
FNF:5
FNH:0
FNDA:0,getConnectionConfig
FNDA:0,getDbConfig
FNDA:0,connectToDatabase
FNDA:0,getCurrentEnvironment
FNDA:0,switchEnvironment
DA:1,1
DA:2,1
DA:3,1
DA:6,0
DA:7,0
DA:8,0
DA:10,0
DA:11,0
DA:14,0
DA:21,0
DA:23,0
DA:34,0
DA:35,0
DA:37,0
DA:38,0
DA:41,0
DA:44,1
DA:46,1
DA:47,0
DA:49,0
DA:52,0
DA:53,0
DA:54,0
DA:56,0
DA:57,0
DA:61,0
DA:62,0
DA:63,0
DA:65,0
DA:67,0
DA:68,0
DA:72,1
DA:74,0
DA:75,0
DA:76,0
DA:83,0
DA:84,0
DA:85,0
DA:87,0
DA:88,0
DA:91,0
DA:92,0
DA:95,0
DA:96,0
DA:97,0
DA:100,0
LF:46
LH:6
BRDA:7,0,0,0
BRDA:7,0,1,0
BRDA:10,1,0,0
BRDA:26,2,0,0
BRDA:26,2,1,0
BRDA:28,3,0,0
BRDA:28,3,1,0
BRDA:29,4,0,0
BRDA:29,4,1,0
BRDA:34,5,0,0
BRDA:34,5,1,0
BRDA:52,6,0,0
BRDA:54,7,0,0
BRDA:54,8,0,0
BRDA:54,8,1,0
BRDA:61,9,0,0
BRDA:77,10,0,0
BRDA:77,10,1,0
BRDA:78,11,0,0
BRDA:78,11,1,0
BRDA:79,12,0,0
BRDA:79,12,1,0
BRDA:87,13,0,0
BRDA:95,14,0,0
BRF:24
BRH:0
end_of_record
TN:
SF:src/lib/field-config.ts
FNF:0
FNH:0
DA:14,100
LF:1
LH:1
BRF:0
BRH:0
end_of_record
TN:
SF:src/lib/utils.ts
FN:4,cn
FNF:1
FNH:1
FNDA:540,cn
DA:1,4
DA:2,4
DA:4,540
DA:5,540
LF:4
LH:4
BRF:0
BRH:0
end_of_record
